#
# There is insufficient memory for the Java Runtime Environment to continue.
# Native memory allocation (malloc) failed to allocate 2422256 bytes. Error detail: Chunk::new
# Possible reasons:
#   The system is out of physical RAM or swap space
#   This process is running with CompressedOops enabled, and the Java Heap may be blocking the growth of the native heap
# Possible solutions:
#   Reduce memory load on the system
#   Increase physical memory or swap space
#   Check if swap backing store is full
#   Decrease Java heap size (-Xmx/-Xms)
#   Decrease number of Java threads
#   Decrease Java thread stack sizes (-Xss)
#   Set larger code cache with -XX:ReservedCodeCacheSize=
#   JVM is running with Unscaled Compressed Oops mode in which the Java heap is
#     placed in the first 4GB address space. The Java Heap base address is the
#     maximum limit for the native heap growth. Please use -XX:HeapBaseMinAddress
#     to set the Java Heap base and to place the Java Heap above 4GB virtual address.
# This output file may be truncated or incomplete.
#
#  Out of Memory Error (arena.cpp:191), pid=21876, tid=22384
#
# JRE version: OpenJDK Runtime Environment Microsoft-11369865 (17.0.15+6) (build 17.0.15+6-LTS)
# Java VM: OpenJDK 64-Bit Server VM Microsoft-11369865 (17.0.15+6-LTS, mixed mode, sharing, tiered, compressed oops, compressed class ptrs, g1 gc, windows-amd64)
# No core dump will be written. Minidumps are not enabled by default on client versions of Windows
#

---------------  S U M M A R Y ------------

Command Line: --add-opens=java.base/java.lang=ALL-UNNAMED --add-opens=java.base/java.lang.invoke=ALL-UNNAMED --add-opens=java.base/java.util=ALL-UNNAMED --add-opens=java.prefs/java.util.prefs=ALL-UNNAMED --add-exports=jdk.compiler/com.sun.tools.javac.api=ALL-UNNAMED --add-exports=jdk.compiler/com.sun.tools.javac.util=ALL-UNNAMED --add-opens=java.base/java.util=ALL-UNNAMED --add-opens=java.prefs/java.util.prefs=ALL-UNNAMED --add-opens=java.base/java.nio.charset=ALL-UNNAMED --add-opens=java.base/java.net=ALL-UNNAMED --add-opens=java.base/java.util.concurrent.atomic=ALL-UNNAMED --add-opens=java.xml/javax.xml.namespace=ALL-UNNAMED -XX:MaxMetaspaceSize=512m -Xmx2048m -Dfile.encoding=windows-1252 -Duser.country=IN -Duser.language=en -Duser.variant -javaagent:C:\Users\Dell\.gradle\wrapper\dists\gradle-8.13-bin\5xuhj0ry160q40clulazy9h7d\gradle-8.13\lib\agents\gradle-instrumentation-agent-8.13.jar org.gradle.launcher.daemon.bootstrap.GradleDaemon 8.13

Host: 13th Gen Intel(R) Core(TM) i5-1335U, 12 cores, 15G,  Windows 11 , 64 bit Build 26100 (10.0.26100.3912)
Time: Wed May  7 10:39:47 2025 India Standard Time elapsed time: 10.223461 seconds (0d 0h 0m 10s)

---------------  T H R E A D  ---------------

Current thread (0x0000018ccca3d530):  JavaThread "C2 CompilerThread0" daemon [_thread_in_native, id=22384, stack(0x00000086e4f00000,0x00000086e5000000)]


Current CompileTask:
C2:  10223 8276       4       org.gradle.internal.instantiation.generator.AbstractClassGenerator::inspectType (602 bytes)

Stack: [0x00000086e4f00000,0x00000086e5000000]
Native frames: (J=compiled Java code, j=interpreted, Vv=VM code, C=native code)
V  [jvm.dll+0x6887a9]
V  [jvm.dll+0x83f5a8]
V  [jvm.dll+0x841053]
V  [jvm.dll+0x8416c3]
V  [jvm.dll+0x2496ef]
V  [jvm.dll+0xad134]
V  [jvm.dll+0xad7cc]
V  [jvm.dll+0x36aedf]
V  [jvm.dll+0x335513]
V  [jvm.dll+0x3349aa]
V  [jvm.dll+0x21a908]
V  [jvm.dll+0x219d3f]
V  [jvm.dll+0x1a55f6]
V  [jvm.dll+0x22a39a]
V  [jvm.dll+0x2284db]
V  [jvm.dll+0x7f4e28]
V  [jvm.dll+0x7ef2dc]
V  [jvm.dll+0x687687]
C  [ucrtbase.dll+0x37b0]
C  [KERNEL32.DLL+0x2e8d7]
C  [ntdll.dll+0x9c5dc]


---------------  P R O C E S S  ---------------

Threads class SMR info:
_java_thread_list=0x0000018cf108dfb0, length=91, elements={
0x0000018cae23e2e0, 0x0000018ccca1dc30, 0x0000018ccca1e600, 0x0000018ccca37e70,
0x0000018ccca38740, 0x0000018ccca3c060, 0x0000018ccca3c930, 0x0000018ccca3d530,
0x0000018ccca3de40, 0x0000018ccca40760, 0x0000018cccca2970, 0x0000018cccd97db0,
0x0000018cec598510, 0x0000018cec596bc0, 0x0000018cec599e60, 0x0000018cec598a20,
0x0000018cec59a370, 0x0000018cec5970d0, 0x0000018cec5975e0, 0x0000018cec597af0,
0x0000018cec598000, 0x0000018cec599440, 0x0000018cedf60aa0, 0x0000018cedf623f0,
0x0000018cedf63830, 0x0000018cedf60590, 0x0000018cedf619d0, 0x0000018cedf60080,
0x0000018cedf60fb0, 0x0000018cedf61ee0, 0x0000018cedf62900, 0x0000018cedf62e10,
0x0000018cf0b76120, 0x0000018cf0b76630, 0x0000018cf0b72e80, 0x0000018cf0b76b40,
0x0000018cf0b77050, 0x0000018cf0b738a0, 0x0000018cf0b77560, 0x0000018cf0b742c0,
0x0000018cf0b747d0, 0x0000018cf0b77a70, 0x0000018cf0b77f80, 0x0000018cf0b78490,
0x0000018cf0b74ce0, 0x0000018cf0b789a0, 0x0000018cf0b7a800, 0x0000018cf0b7a2f0,
0x0000018cf0b78eb0, 0x0000018cf0b793c0, 0x0000018cf0b798d0, 0x0000018cf0b79de0,
0x0000018cec599950, 0x0000018cf1b6e480, 0x0000018cf1b702e0, 0x0000018cf1b6e990,
0x0000018cf1b70d00, 0x0000018cf1b6eea0, 0x0000018cf1b6d550, 0x0000018cf1b707f0,
0x0000018cf1b6f3b0, 0x0000018cf1b71210, 0x0000018cf1b6da60, 0x0000018cf1b6df70,
0x0000018cf1b71720, 0x0000018cf1b72650, 0x0000018cf1b6f8c0, 0x0000018cf1b71c30,
0x0000018cf1b6fdd0, 0x0000018cf1b74ed0, 0x0000018cf1b72140, 0x0000018cf1b73070,
0x0000018cf1b73580, 0x0000018cf1b73a90, 0x0000018cf1b744b0, 0x0000018cf1b749c0,
0x0000018cf13cd130, 0x0000018cf13ccbe0, 0x0000018cef2560e0, 0x0000018cef253860,
0x0000018cef252e40, 0x0000018cef256b00, 0x0000018cef253d70, 0x0000018cef257520,
0x0000018cef257010, 0x0000018cef257a30, 0x0000018cef254280, 0x0000018cef257f40,
0x0000018cef254ca0, 0x0000018cef258450, 0x0000018cef258960
}

Java Threads: ( => current thread )
  0x0000018cae23e2e0 JavaThread "main" [_thread_blocked, id=28140, stack(0x00000086e4200000,0x00000086e4300000)]
  0x0000018ccca1dc30 JavaThread "Reference Handler" daemon [_thread_blocked, id=5236, stack(0x00000086e4900000,0x00000086e4a00000)]
  0x0000018ccca1e600 JavaThread "Finalizer" daemon [_thread_blocked, id=16180, stack(0x00000086e4a00000,0x00000086e4b00000)]
  0x0000018ccca37e70 JavaThread "Signal Dispatcher" daemon [_thread_blocked, id=4312, stack(0x00000086e4b00000,0x00000086e4c00000)]
  0x0000018ccca38740 JavaThread "Attach Listener" daemon [_thread_blocked, id=13016, stack(0x00000086e4c00000,0x00000086e4d00000)]
  0x0000018ccca3c060 JavaThread "Service Thread" daemon [_thread_blocked, id=9836, stack(0x00000086e4d00000,0x00000086e4e00000)]
  0x0000018ccca3c930 JavaThread "Monitor Deflation Thread" daemon [_thread_blocked, id=14764, stack(0x00000086e4e00000,0x00000086e4f00000)]
=>0x0000018ccca3d530 JavaThread "C2 CompilerThread0" daemon [_thread_in_native, id=22384, stack(0x00000086e4f00000,0x00000086e5000000)]
  0x0000018ccca3de40 JavaThread "C1 CompilerThread0" daemon [_thread_blocked, id=6516, stack(0x00000086e5000000,0x00000086e5100000)]
  0x0000018ccca40760 JavaThread "Sweeper thread" daemon [_thread_blocked, id=16468, stack(0x00000086e5100000,0x00000086e5200000)]
  0x0000018cccca2970 JavaThread "Common-Cleaner" daemon [_thread_blocked, id=3896, stack(0x00000086e5200000,0x00000086e5300000)]
  0x0000018cccd97db0 JavaThread "Notification Thread" daemon [_thread_blocked, id=20472, stack(0x00000086e5300000,0x00000086e5400000)]
  0x0000018cec598510 JavaThread "Daemon health stats" [_thread_blocked, id=936, stack(0x00000086e5600000,0x00000086e5700000)]
  0x0000018cec596bc0 JavaThread "Incoming local TCP Connector on port 61408" [_thread_in_native, id=8448, stack(0x00000086e5c00000,0x00000086e5d00000)]
  0x0000018cec599e60 JavaThread "Daemon periodic checks" [_thread_blocked, id=24428, stack(0x00000086e5d00000,0x00000086e5e00000)]
  0x0000018cec598a20 JavaThread "Daemon" [_thread_blocked, id=17400, stack(0x00000086e5e00000,0x00000086e5f00000)]
  0x0000018cec59a370 JavaThread "Handler for socket connection from /127.0.0.1:61408 to /127.0.0.1:61409" [_thread_in_native, id=3324, stack(0x00000086e5f00000,0x00000086e6000000)]
  0x0000018cec5970d0 JavaThread "Cancel handler" [_thread_blocked, id=22244, stack(0x00000086e6000000,0x00000086e6100000)]
  0x0000018cec5975e0 JavaThread "Daemon worker" [_thread_blocked, id=16680, stack(0x00000086e6100000,0x00000086e6200000)]
  0x0000018cec597af0 JavaThread "Asynchronous log dispatcher for DefaultDaemonConnection: socket connection from /127.0.0.1:61408 to /127.0.0.1:61409" [_thread_blocked, id=23344, stack(0x00000086e6200000,0x00000086e6300000)]
  0x0000018cec598000 JavaThread "Stdin handler" [_thread_blocked, id=15388, stack(0x00000086e6300000,0x00000086e6400000)]
  0x0000018cec599440 JavaThread "Daemon client event forwarder" [_thread_blocked, id=28440, stack(0x00000086e6400000,0x00000086e6500000)]
  0x0000018cedf60aa0 JavaThread "Cache worker for journal cache (C:\Users\Dell\.gradle\caches\journal-1)" [_thread_blocked, id=16640, stack(0x00000086e6500000,0x00000086e6600000)]
  0x0000018cedf623f0 JavaThread "File lock request listener" [_thread_in_native, id=7304, stack(0x00000086e6600000,0x00000086e6700000)]
  0x0000018cedf63830 JavaThread "Cache worker for file hash cache (C:\Users\Dell\.gradle\caches\8.13\fileHashes)" [_thread_blocked, id=5140, stack(0x00000086e6700000,0x00000086e6800000)]
  0x0000018cedf60590 JavaThread "Cache worker for file hash cache (C:\Users\Dell\Desktop\React-Native\AwesomeProject\android\.gradle\8.13\fileHashes)" [_thread_blocked, id=26744, stack(0x00000086e6800000,0x00000086e6900000)]
  0x0000018cedf619d0 JavaThread "Cache worker for Build Output Cleanup Cache (C:\Users\Dell\Desktop\React-Native\AwesomeProject\android\.gradle\buildOutputCleanup)" [_thread_blocked, id=20420, stack(0x00000086e6900000,0x00000086e6a00000)]
  0x0000018cedf60080 JavaThread "File watcher server" daemon [_thread_in_native, id=16508, stack(0x00000086e7000000,0x00000086e7100000)]
  0x0000018cedf60fb0 JavaThread "File watcher consumer" daemon [_thread_blocked, id=14320, stack(0x00000086e7100000,0x00000086e7200000)]
  0x0000018cedf61ee0 JavaThread "jar transforms" [_thread_blocked, id=3288, stack(0x00000086e7300000,0x00000086e7400000)]
  0x0000018cedf62900 JavaThread "Cache worker for checksums cache (C:\Users\Dell\Desktop\React-Native\AwesomeProject\android\.gradle\8.13\checksums)" [_thread_blocked, id=26300, stack(0x00000086e7400000,0x00000086e7500000)]
  0x0000018cedf62e10 JavaThread "Cache worker for file content cache (C:\Users\Dell\.gradle\caches\8.13\fileContent)" [_thread_blocked, id=14004, stack(0x00000086e7500000,0x00000086e7600000)]
  0x0000018cf0b76120 JavaThread "Cache worker for cache directory md-supplier (C:\Users\Dell\.gradle\caches\8.13\md-supplier)" [_thread_blocked, id=12880, stack(0x00000086e7600000,0x00000086e7700000)]
  0x0000018cf0b76630 JavaThread "Cache worker for cache directory md-rule (C:\Users\Dell\.gradle\caches\8.13\md-rule)" [_thread_blocked, id=23644, stack(0x00000086e7700000,0x00000086e7800000)]
  0x0000018cf0b72e80 JavaThread "Cache worker for Build Output Cleanup Cache (C:\Users\Dell\Desktop\React-Native\AwesomeProject\node_modules\@react-native\gradle-plugin\.gradle\buildOutputCleanup)" [_thread_blocked, id=12248, stack(0x00000086e7800000,0x00000086e7900000)]
  0x0000018cf0b76b40 JavaThread "Unconstrained build operations" [_thread_blocked, id=20932, stack(0x00000086e7200000,0x00000086e7300000)]
  0x0000018cf0b77050 JavaThread "Unconstrained build operations Thread 2" [_thread_blocked, id=9116, stack(0x00000086e7900000,0x00000086e7a00000)]
  0x0000018cf0b738a0 JavaThread "Unconstrained build operations Thread 3" [_thread_blocked, id=17036, stack(0x00000086e7a00000,0x00000086e7b00000)]
  0x0000018cf0b77560 JavaThread "Unconstrained build operations Thread 4" [_thread_blocked, id=1200, stack(0x00000086e7b00000,0x00000086e7c00000)]
  0x0000018cf0b742c0 JavaThread "Unconstrained build operations Thread 5" [_thread_blocked, id=10420, stack(0x00000086e7c00000,0x00000086e7d00000)]
  0x0000018cf0b747d0 JavaThread "Unconstrained build operations Thread 6" [_thread_blocked, id=29024, stack(0x00000086e7d00000,0x00000086e7e00000)]
  0x0000018cf0b77a70 JavaThread "Unconstrained build operations Thread 7" [_thread_blocked, id=26796, stack(0x00000086e7f00000,0x00000086e8000000)]
  0x0000018cf0b77f80 JavaThread "Unconstrained build operations Thread 8" [_thread_blocked, id=17492, stack(0x00000086e8000000,0x00000086e8100000)]
  0x0000018cf0b78490 JavaThread "Unconstrained build operations Thread 9" [_thread_blocked, id=20548, stack(0x00000086e8100000,0x00000086e8200000)]
  0x0000018cf0b74ce0 JavaThread "Unconstrained build operations Thread 10" [_thread_blocked, id=28048, stack(0x00000086e8200000,0x00000086e8300000)]
  0x0000018cf0b789a0 JavaThread "Unconstrained build operations Thread 11" [_thread_blocked, id=13332, stack(0x00000086e8300000,0x00000086e8400000)]
  0x0000018cf0b7a800 JavaThread "Unconstrained build operations Thread 12" [_thread_blocked, id=23252, stack(0x00000086e8400000,0x00000086e8500000)]
  0x0000018cf0b7a2f0 JavaThread "Unconstrained build operations Thread 13" [_thread_blocked, id=16236, stack(0x00000086e8500000,0x00000086e8600000)]
  0x0000018cf0b78eb0 JavaThread "Unconstrained build operations Thread 14" [_thread_blocked, id=25828, stack(0x00000086e8600000,0x00000086e8700000)]
  0x0000018cf0b793c0 JavaThread "Unconstrained build operations Thread 15" [_thread_blocked, id=2220, stack(0x00000086e8700000,0x00000086e8800000)]
  0x0000018cf0b798d0 JavaThread "Unconstrained build operations Thread 16" [_thread_blocked, id=9284, stack(0x00000086e8800000,0x00000086e8900000)]
  0x0000018cf0b79de0 JavaThread "Unconstrained build operations Thread 17" [_thread_blocked, id=27920, stack(0x00000086e8900000,0x00000086e8a00000)]
  0x0000018cec599950 JavaThread "Unconstrained build operations Thread 18" [_thread_blocked, id=14084, stack(0x00000086e8a00000,0x00000086e8b00000)]
  0x0000018cf1b6e480 JavaThread "Unconstrained build operations Thread 19" [_thread_blocked, id=26124, stack(0x00000086e8b00000,0x00000086e8c00000)]
  0x0000018cf1b702e0 JavaThread "Unconstrained build operations Thread 20" [_thread_blocked, id=23904, stack(0x00000086e8c00000,0x00000086e8d00000)]
  0x0000018cf1b6e990 JavaThread "Unconstrained build operations Thread 21" [_thread_blocked, id=26760, stack(0x00000086e8d00000,0x00000086e8e00000)]
  0x0000018cf1b70d00 JavaThread "Unconstrained build operations Thread 22" [_thread_blocked, id=4800, stack(0x00000086e8e00000,0x00000086e8f00000)]
  0x0000018cf1b6eea0 JavaThread "Unconstrained build operations Thread 23" [_thread_blocked, id=7136, stack(0x00000086e8f00000,0x00000086e9000000)]
  0x0000018cf1b6d550 JavaThread "Unconstrained build operations Thread 24" [_thread_blocked, id=8608, stack(0x00000086e9000000,0x00000086e9100000)]
  0x0000018cf1b707f0 JavaThread "Unconstrained build operations Thread 25" [_thread_blocked, id=25436, stack(0x00000086e9100000,0x00000086e9200000)]
  0x0000018cf1b6f3b0 JavaThread "Unconstrained build operations Thread 26" [_thread_blocked, id=7196, stack(0x00000086e9200000,0x00000086e9300000)]
  0x0000018cf1b71210 JavaThread "Unconstrained build operations Thread 27" [_thread_blocked, id=11616, stack(0x00000086e9300000,0x00000086e9400000)]
  0x0000018cf1b6da60 JavaThread "Unconstrained build operations Thread 28" [_thread_blocked, id=7636, stack(0x00000086e9400000,0x00000086e9500000)]
  0x0000018cf1b6df70 JavaThread "Unconstrained build operations Thread 29" [_thread_blocked, id=9204, stack(0x00000086e9500000,0x00000086e9600000)]
  0x0000018cf1b71720 JavaThread "Unconstrained build operations Thread 30" [_thread_blocked, id=18900, stack(0x00000086e9600000,0x00000086e9700000)]
  0x0000018cf1b72650 JavaThread "Unconstrained build operations Thread 31" [_thread_blocked, id=24268, stack(0x00000086e9700000,0x00000086e9800000)]
  0x0000018cf1b6f8c0 JavaThread "Unconstrained build operations Thread 32" [_thread_blocked, id=15140, stack(0x00000086e9800000,0x00000086e9900000)]
  0x0000018cf1b71c30 JavaThread "Unconstrained build operations Thread 33" [_thread_blocked, id=23296, stack(0x00000086e9900000,0x00000086e9a00000)]
  0x0000018cf1b6fdd0 JavaThread "Unconstrained build operations Thread 34" [_thread_blocked, id=20312, stack(0x00000086e9a00000,0x00000086e9b00000)]
  0x0000018cf1b74ed0 JavaThread "Unconstrained build operations Thread 35" [_thread_blocked, id=26992, stack(0x00000086e9b00000,0x00000086e9c00000)]
  0x0000018cf1b72140 JavaThread "Unconstrained build operations Thread 36" [_thread_blocked, id=13132, stack(0x00000086e9c00000,0x00000086e9d00000)]
  0x0000018cf1b73070 JavaThread "Unconstrained build operations Thread 37" [_thread_blocked, id=23080, stack(0x00000086e9d00000,0x00000086e9e00000)]
  0x0000018cf1b73580 JavaThread "Unconstrained build operations Thread 38" [_thread_blocked, id=4320, stack(0x00000086e9e00000,0x00000086e9f00000)]
  0x0000018cf1b73a90 JavaThread "Unconstrained build operations Thread 39" [_thread_blocked, id=10920, stack(0x00000086e9f00000,0x00000086ea000000)]
  0x0000018cf1b744b0 JavaThread "build event listener" [_thread_blocked, id=17920, stack(0x00000086ea000000,0x00000086ea100000)]
  0x0000018cf1b749c0 JavaThread "Memory manager" [_thread_blocked, id=20576, stack(0x00000086e5500000,0x00000086e5600000)]
  0x0000018cf13cd130 JavaThread "C2 CompilerThread1" daemon [_thread_blocked, id=13992, stack(0x00000086e7e00000,0x00000086e7f00000)]
  0x0000018cf13ccbe0 JavaThread "C2 CompilerThread2" daemon [_thread_blocked, id=16648, stack(0x00000086ea100000,0x00000086ea200000)]
  0x0000018cef2560e0 JavaThread "ForkJoinPool.commonPool-worker-1" daemon [_thread_blocked, id=23152, stack(0x00000086ea200000,0x00000086ea300000)]
  0x0000018cef253860 JavaThread "ForkJoinPool.commonPool-worker-2" daemon [_thread_blocked, id=6948, stack(0x00000086ea300000,0x00000086ea400000)]
  0x0000018cef252e40 JavaThread "ForkJoinPool.commonPool-worker-3" daemon [_thread_blocked, id=16996, stack(0x00000086ea400000,0x00000086ea500000)]
  0x0000018cef256b00 JavaThread "ForkJoinPool.commonPool-worker-4" daemon [_thread_blocked, id=3168, stack(0x00000086ea500000,0x00000086ea600000)]
  0x0000018cef253d70 JavaThread "ForkJoinPool.commonPool-worker-5" daemon [_thread_blocked, id=20340, stack(0x00000086ea600000,0x00000086ea700000)]
  0x0000018cef257520 JavaThread "ForkJoinPool.commonPool-worker-6" daemon [_thread_blocked, id=16928, stack(0x00000086ea700000,0x00000086ea800000)]
  0x0000018cef257010 JavaThread "ForkJoinPool.commonPool-worker-7" daemon [_thread_blocked, id=10584, stack(0x00000086ea800000,0x00000086ea900000)]
  0x0000018cef257a30 JavaThread "ForkJoinPool.commonPool-worker-8" daemon [_thread_blocked, id=23192, stack(0x00000086ea900000,0x00000086eaa00000)]
  0x0000018cef254280 JavaThread "ForkJoinPool.commonPool-worker-9" daemon [_thread_blocked, id=1156, stack(0x00000086eaa00000,0x00000086eab00000)]
  0x0000018cef257f40 JavaThread "ForkJoinPool.commonPool-worker-10" daemon [_thread_blocked, id=14976, stack(0x00000086eab00000,0x00000086eac00000)]
  0x0000018cef254ca0 JavaThread "Exec process" [_thread_in_native, id=22320, stack(0x00000086eac00000,0x00000086ead00000)]
  0x0000018cef258450 JavaThread "Exec process Thread 2" [_thread_in_native, id=10208, stack(0x00000086ead00000,0x00000086eae00000)]
  0x0000018cef258960 JavaThread "Exec process Thread 3" [_thread_in_native, id=2320, stack(0x00000086eae00000,0x00000086eaf00000)]

Other Threads:
  0x0000018ccca19c40 VMThread "VM Thread" [stack: 0x00000086e4800000,0x00000086e4900000] [id=9440]
  0x0000018cccdfafd0 WatcherThread [stack: 0x00000086e5400000,0x00000086e5500000] [id=28976]
  0x0000018cae29c9b0 GCTaskThread "GC Thread#0" [stack: 0x00000086e4300000,0x00000086e4400000] [id=29552]
  0x0000018cec8a7620 GCTaskThread "GC Thread#1" [stack: 0x00000086e5700000,0x00000086e5800000] [id=20920]
  0x0000018cec5b4150 GCTaskThread "GC Thread#2" [stack: 0x00000086e5800000,0x00000086e5900000] [id=23844]
  0x0000018cec30c2a0 GCTaskThread "GC Thread#3" [stack: 0x00000086e5900000,0x00000086e5a00000] [id=4924]
  0x0000018cccee3090 GCTaskThread "GC Thread#4" [stack: 0x00000086e5a00000,0x00000086e5b00000] [id=27976]
  0x0000018cec5d2bd0 GCTaskThread "GC Thread#5" [stack: 0x00000086e5b00000,0x00000086e5c00000] [id=6208]
  0x0000018cee798a90 GCTaskThread "GC Thread#6" [stack: 0x00000086e6a00000,0x00000086e6b00000] [id=2760]
  0x0000018cf036f840 GCTaskThread "GC Thread#7" [stack: 0x00000086e6b00000,0x00000086e6c00000] [id=22856]
  0x0000018cf036fb00 GCTaskThread "GC Thread#8" [stack: 0x00000086e6c00000,0x00000086e6d00000] [id=16944]
  0x0000018ceee6c140 GCTaskThread "GC Thread#9" [stack: 0x00000086e6d00000,0x00000086e6e00000] [id=28804]
  0x0000018cae2ad810 ConcurrentGCThread "G1 Main Marker" [stack: 0x00000086e4400000,0x00000086e4500000] [id=27164]
  0x0000018cae2aee10 ConcurrentGCThread "G1 Conc#0" [stack: 0x00000086e4500000,0x00000086e4600000] [id=3596]
  0x0000018cf0374b10 ConcurrentGCThread "G1 Conc#1" [stack: 0x00000086e6e00000,0x00000086e6f00000] [id=3948]
  0x0000018cee3bac80 ConcurrentGCThread "G1 Conc#2" [stack: 0x00000086e6f00000,0x00000086e7000000] [id=17764]
  0x0000018cae2ee200 ConcurrentGCThread "G1 Refine#0" [stack: 0x00000086e4600000,0x00000086e4700000] [id=28364]
  0x0000018cae2ee9e0 ConcurrentGCThread "G1 Service" [stack: 0x00000086e4700000,0x00000086e4800000] [id=4624]

Threads with active compile tasks:
C2 CompilerThread0    10257 8276       4       org.gradle.internal.instantiation.generator.AbstractClassGenerator::inspectType (602 bytes)

VM state: not at safepoint (normal execution)

VM Mutex/Monitor currently owned by a thread: None

Heap address: 0x0000000080000000, size: 2048 MB, Compressed Oops mode: 32-bit

CDS archive(s) mapped at: [0x0000018ccd000000-0x0000018ccdbb0000-0x0000018ccdbb0000), size 12255232, SharedBaseAddress: 0x0000018ccd000000, ArchiveRelocationMode: 1.
Compressed class space mapped at: 0x0000018cce000000-0x0000018ce8000000, reserved size: 436207616
Narrow klass base: 0x0000018ccd000000, Narrow klass shift: 0, Narrow klass range: 0x100000000

GC Precious Log:
 CPUs: 12 total, 12 available
 Memory: 16068M
 Large Page Support: Disabled
 NUMA Support: Disabled
 Compressed Oops: Enabled (32-bit)
 Heap Region Size: 1M
 Heap Min Capacity: 8M
 Heap Initial Capacity: 252M
 Heap Max Capacity: 2G
 Pre-touch: Disabled
 Parallel Workers: 10
 Concurrent Workers: 3
 Concurrent Refinement Workers: 10
 Periodic GC: Disabled

Heap:
 garbage-first heap   total 125952K, used 93643K [0x0000000080000000, 0x0000000100000000)
  region size 1024K, 37 young (37888K), 6 survivors (6144K)
 Metaspace       used 68885K, committed 69696K, reserved 491520K
  class space    used 9772K, committed 10176K, reserved 425984K

Heap Regions: E=young(eden), S=young(survivor), O=old, HS=humongous(starts), HC=humongous(continues), CS=collection set, F=free, OA=open archive, CA=closed archive, TAMS=top-at-mark-start (previous, next)
|   0|0x0000000080000000, 0x0000000080100000, 0x0000000080100000|100%|HS|  |TAMS 0x0000000080100000, 0x0000000080000000| Complete 
|   1|0x0000000080100000, 0x0000000080200000, 0x0000000080200000|100%|HC|  |TAMS 0x0000000080200000, 0x0000000080100000| Complete 
|   2|0x0000000080200000, 0x0000000080300000, 0x0000000080300000|100%|HC|  |TAMS 0x0000000080300000, 0x0000000080200000| Complete 
|   3|0x0000000080300000, 0x0000000080400000, 0x0000000080400000|100%| O|  |TAMS 0x0000000080400000, 0x0000000080300000| Untracked 
|   4|0x0000000080400000, 0x0000000080500000, 0x0000000080500000|100%| O|  |TAMS 0x0000000080500000, 0x0000000080400000| Untracked 
|   5|0x0000000080500000, 0x0000000080600000, 0x0000000080600000|100%| O|  |TAMS 0x0000000080600000, 0x0000000080500000| Untracked 
|   6|0x0000000080600000, 0x0000000080700000, 0x0000000080700000|100%|HS|  |TAMS 0x0000000080700000, 0x0000000080600000| Complete 
|   7|0x0000000080700000, 0x0000000080800000, 0x0000000080800000|100%| O|  |TAMS 0x0000000080800000, 0x0000000080700000| Untracked 
|   8|0x0000000080800000, 0x0000000080900000, 0x0000000080900000|100%| O|  |TAMS 0x0000000080900000, 0x0000000080800000| Untracked 
|   9|0x0000000080900000, 0x0000000080a00000, 0x0000000080a00000|100%| O|  |TAMS 0x0000000080a00000, 0x0000000080900000| Untracked 
|  10|0x0000000080a00000, 0x0000000080b00000, 0x0000000080b00000|100%| O|  |TAMS 0x0000000080b00000, 0x0000000080a00000| Untracked 
|  11|0x0000000080b00000, 0x0000000080c00000, 0x0000000080c00000|100%| O|  |TAMS 0x0000000080c00000, 0x0000000080b00000| Untracked 
|  12|0x0000000080c00000, 0x0000000080cd2000, 0x0000000080d00000| 82%| O|  |TAMS 0x0000000080cd2000, 0x0000000080c00000| Untracked 
|  13|0x0000000080d00000, 0x0000000080e00000, 0x0000000080e00000|100%| O|  |TAMS 0x0000000080e00000, 0x0000000080d00000| Untracked 
|  14|0x0000000080e00000, 0x0000000080f00000, 0x0000000080f00000|100%| O|  |TAMS 0x0000000080f00000, 0x0000000080e00000| Untracked 
|  15|0x0000000080f00000, 0x0000000081000000, 0x0000000081000000|100%| O|  |TAMS 0x0000000081000000, 0x0000000080f00000| Untracked 
|  16|0x0000000081000000, 0x0000000081100000, 0x0000000081100000|100%| O|  |TAMS 0x0000000081100000, 0x0000000081000000| Untracked 
|  17|0x0000000081100000, 0x0000000081200000, 0x0000000081200000|100%| O|  |TAMS 0x0000000081200000, 0x0000000081100000| Untracked 
|  18|0x0000000081200000, 0x0000000081300000, 0x0000000081300000|100%| O|  |TAMS 0x0000000081300000, 0x0000000081200000| Untracked 
|  19|0x0000000081300000, 0x0000000081400000, 0x0000000081400000|100%| O|  |TAMS 0x0000000081400000, 0x0000000081300000| Untracked 
|  20|0x0000000081400000, 0x0000000081500000, 0x0000000081500000|100%| O|  |TAMS 0x0000000081500000, 0x0000000081400000| Untracked 
|  21|0x0000000081500000, 0x0000000081600000, 0x0000000081600000|100%| O|  |TAMS 0x0000000081600000, 0x0000000081500000| Untracked 
|  22|0x0000000081600000, 0x0000000081700000, 0x0000000081700000|100%| O|  |TAMS 0x0000000081700000, 0x0000000081600000| Untracked 
|  23|0x0000000081700000, 0x0000000081800000, 0x0000000081800000|100%| O|  |TAMS 0x0000000081800000, 0x0000000081700000| Untracked 
|  24|0x0000000081800000, 0x0000000081900000, 0x0000000081900000|100%| O|  |TAMS 0x0000000081900000, 0x0000000081800000| Untracked 
|  25|0x0000000081900000, 0x0000000081a00000, 0x0000000081a00000|100%| O|  |TAMS 0x0000000081a00000, 0x0000000081900000| Untracked 
|  26|0x0000000081a00000, 0x0000000081b00000, 0x0000000081b00000|100%| O|  |TAMS 0x0000000081b00000, 0x0000000081a00000| Untracked 
|  27|0x0000000081b00000, 0x0000000081c00000, 0x0000000081c00000|100%| O|  |TAMS 0x0000000081c00000, 0x0000000081b00000| Untracked 
|  28|0x0000000081c00000, 0x0000000081d00000, 0x0000000081d00000|100%| O|  |TAMS 0x0000000081d00000, 0x0000000081c00000| Untracked 
|  29|0x0000000081d00000, 0x0000000081e00000, 0x0000000081e00000|100%| O|  |TAMS 0x0000000081e00000, 0x0000000081d00000| Untracked 
|  30|0x0000000081e00000, 0x0000000081f00000, 0x0000000081f00000|100%| O|  |TAMS 0x0000000081f00000, 0x0000000081e00000| Untracked 
|  31|0x0000000081f00000, 0x0000000082000000, 0x0000000082000000|100%| O|  |TAMS 0x0000000082000000, 0x0000000081f00000| Untracked 
|  32|0x0000000082000000, 0x0000000082100000, 0x0000000082100000|100%| O|  |TAMS 0x0000000082100000, 0x0000000082000000| Untracked 
|  33|0x0000000082100000, 0x0000000082200000, 0x0000000082200000|100%| O|  |TAMS 0x0000000082200000, 0x0000000082100000| Untracked 
|  34|0x0000000082200000, 0x0000000082300000, 0x0000000082300000|100%| O|  |TAMS 0x0000000082300000, 0x0000000082200000| Untracked 
|  35|0x0000000082300000, 0x0000000082400000, 0x0000000082400000|100%| O|  |TAMS 0x0000000082400000, 0x0000000082300000| Untracked 
|  36|0x0000000082400000, 0x0000000082500000, 0x0000000082500000|100%| O|  |TAMS 0x0000000082500000, 0x0000000082400000| Untracked 
|  37|0x0000000082500000, 0x0000000082600000, 0x0000000082600000|100%| O|  |TAMS 0x0000000082600000, 0x0000000082500000| Untracked 
|  38|0x0000000082600000, 0x0000000082700000, 0x0000000082700000|100%| O|  |TAMS 0x0000000082700000, 0x0000000082600000| Untracked 
|  39|0x0000000082700000, 0x0000000082800000, 0x0000000082800000|100%|HS|  |TAMS 0x0000000082800000, 0x0000000082700000| Complete 
|  40|0x0000000082800000, 0x0000000082900000, 0x0000000082900000|100%|HC|  |TAMS 0x0000000082900000, 0x0000000082800000| Complete 
|  41|0x0000000082900000, 0x0000000082a00000, 0x0000000082a00000|100%| O|  |TAMS 0x0000000082a00000, 0x0000000082900000| Untracked 
|  42|0x0000000082a00000, 0x0000000082b00000, 0x0000000082b00000|100%| O|  |TAMS 0x0000000082b00000, 0x0000000082a00000| Untracked 
|  43|0x0000000082b00000, 0x0000000082c00000, 0x0000000082c00000|100%|HS|  |TAMS 0x0000000082c00000, 0x0000000082b00000| Complete 
|  44|0x0000000082c00000, 0x0000000082d00000, 0x0000000082d00000|100%|HC|  |TAMS 0x0000000082d00000, 0x0000000082c00000| Complete 
|  45|0x0000000082d00000, 0x0000000082e00000, 0x0000000082e00000|100%|HC|  |TAMS 0x0000000082e00000, 0x0000000082d00000| Complete 
|  46|0x0000000082e00000, 0x0000000082f00000, 0x0000000082f00000|100%|HS|  |TAMS 0x0000000082f00000, 0x0000000082e00000| Complete 
|  47|0x0000000082f00000, 0x0000000083000000, 0x0000000083000000|100%|HC|  |TAMS 0x0000000083000000, 0x0000000082f00000| Complete 
|  48|0x0000000083000000, 0x0000000083100000, 0x0000000083100000|100%| O|  |TAMS 0x0000000083100000, 0x0000000083000000| Untracked 
|  49|0x0000000083100000, 0x0000000083200000, 0x0000000083200000|100%| O|  |TAMS 0x0000000083200000, 0x0000000083100000| Untracked 
|  50|0x0000000083200000, 0x0000000083300000, 0x0000000083300000|100%| O|  |TAMS 0x0000000083300000, 0x0000000083200000| Untracked 
|  51|0x0000000083300000, 0x0000000083400000, 0x0000000083400000|100%|HS|  |TAMS 0x0000000083400000, 0x0000000083300000| Complete 
|  52|0x0000000083400000, 0x0000000083500000, 0x0000000083500000|100%|HC|  |TAMS 0x0000000083500000, 0x0000000083400000| Complete 
|  53|0x0000000083500000, 0x0000000083600000, 0x0000000083600000|100%|HC|  |TAMS 0x0000000083600000, 0x0000000083500000| Complete 
|  54|0x0000000083600000, 0x0000000083700000, 0x0000000083700000|100%| O|  |TAMS 0x00000000836e2000, 0x0000000083600000| Untracked 
|  55|0x0000000083700000, 0x0000000083800000, 0x0000000083800000|100%| O|  |TAMS 0x0000000083700000, 0x0000000083700000| Untracked 
|  56|0x0000000083800000, 0x0000000083861000, 0x0000000083900000| 37%| O|  |TAMS 0x0000000083800000, 0x0000000083800000| Untracked 
|  57|0x0000000083900000, 0x0000000083900000, 0x0000000083a00000|  0%| F|  |TAMS 0x0000000083900000, 0x0000000083900000| Untracked 
|  58|0x0000000083a00000, 0x0000000083a00000, 0x0000000083b00000|  0%| F|  |TAMS 0x0000000083a00000, 0x0000000083a00000| Untracked 
|  59|0x0000000083b00000, 0x0000000083b00000, 0x0000000083c00000|  0%| F|  |TAMS 0x0000000083b00000, 0x0000000083b00000| Untracked 
|  60|0x0000000083c00000, 0x0000000083c00000, 0x0000000083d00000|  0%| F|  |TAMS 0x0000000083c00000, 0x0000000083c00000| Untracked 
|  61|0x0000000083d00000, 0x0000000083d00000, 0x0000000083e00000|  0%| F|  |TAMS 0x0000000083d00000, 0x0000000083d00000| Untracked 
|  62|0x0000000083e00000, 0x0000000083e00000, 0x0000000083f00000|  0%| F|  |TAMS 0x0000000083e00000, 0x0000000083e00000| Untracked 
|  63|0x0000000083f00000, 0x0000000083f00000, 0x0000000084000000|  0%| F|  |TAMS 0x0000000083f00000, 0x0000000083f00000| Untracked 
|  64|0x0000000084000000, 0x0000000084000000, 0x0000000084100000|  0%| F|  |TAMS 0x0000000084000000, 0x0000000084000000| Untracked 
|  65|0x0000000084100000, 0x0000000084100000, 0x0000000084200000|  0%| F|  |TAMS 0x0000000084100000, 0x0000000084100000| Untracked 
|  66|0x0000000084200000, 0x0000000084200000, 0x0000000084300000|  0%| F|  |TAMS 0x0000000084200000, 0x0000000084200000| Untracked 
|  67|0x0000000084300000, 0x0000000084300000, 0x0000000084400000|  0%| F|  |TAMS 0x0000000084300000, 0x0000000084300000| Untracked 
|  68|0x0000000084400000, 0x0000000084400000, 0x0000000084500000|  0%| F|  |TAMS 0x0000000084400000, 0x0000000084400000| Untracked 
|  69|0x0000000084500000, 0x0000000084500000, 0x0000000084600000|  0%| F|  |TAMS 0x0000000084500000, 0x0000000084500000| Untracked 
|  70|0x0000000084600000, 0x0000000084600000, 0x0000000084700000|  0%| F|  |TAMS 0x0000000084600000, 0x0000000084600000| Untracked 
|  71|0x0000000084700000, 0x0000000084700000, 0x0000000084800000|  0%| F|  |TAMS 0x0000000084700000, 0x0000000084700000| Untracked 
|  72|0x0000000084800000, 0x0000000084800000, 0x0000000084900000|  0%| F|  |TAMS 0x0000000084800000, 0x0000000084800000| Untracked 
|  73|0x0000000084900000, 0x0000000084900000, 0x0000000084a00000|  0%| F|  |TAMS 0x0000000084900000, 0x0000000084900000| Untracked 
|  74|0x0000000084a00000, 0x0000000084a00000, 0x0000000084b00000|  0%| F|  |TAMS 0x0000000084a00000, 0x0000000084a00000| Untracked 
|  75|0x0000000084b00000, 0x0000000084b00000, 0x0000000084c00000|  0%| F|  |TAMS 0x0000000084b00000, 0x0000000084b00000| Untracked 
|  76|0x0000000084c00000, 0x0000000084c00000, 0x0000000084d00000|  0%| F|  |TAMS 0x0000000084c00000, 0x0000000084c00000| Untracked 
|  77|0x0000000084d00000, 0x0000000084d00000, 0x0000000084e00000|  0%| F|  |TAMS 0x0000000084d00000, 0x0000000084d00000| Untracked 
|  78|0x0000000084e00000, 0x0000000084e00000, 0x0000000084f00000|  0%| F|  |TAMS 0x0000000084e00000, 0x0000000084e00000| Untracked 
|  79|0x0000000084f00000, 0x0000000084f00000, 0x0000000085000000|  0%| F|  |TAMS 0x0000000084f00000, 0x0000000084f00000| Untracked 
|  80|0x0000000085000000, 0x000000008503fc28, 0x0000000085100000| 24%| S|CS|TAMS 0x0000000085000000, 0x0000000085000000| Complete 
|  81|0x0000000085100000, 0x0000000085200000, 0x0000000085200000|100%| S|CS|TAMS 0x0000000085100000, 0x0000000085100000| Complete 
|  82|0x0000000085200000, 0x0000000085300000, 0x0000000085300000|100%| S|CS|TAMS 0x0000000085200000, 0x0000000085200000| Complete 
|  83|0x0000000085300000, 0x0000000085400000, 0x0000000085400000|100%| S|CS|TAMS 0x0000000085300000, 0x0000000085300000| Complete 
|  84|0x0000000085400000, 0x0000000085500000, 0x0000000085500000|100%| S|CS|TAMS 0x0000000085400000, 0x0000000085400000| Complete 
|  85|0x0000000085500000, 0x0000000085600000, 0x0000000085600000|100%| S|CS|TAMS 0x0000000085500000, 0x0000000085500000| Complete 
|  86|0x0000000085600000, 0x0000000085600000, 0x0000000085700000|  0%| F|  |TAMS 0x0000000085600000, 0x0000000085600000| Untracked 
|  87|0x0000000085700000, 0x0000000085700000, 0x0000000085800000|  0%| F|  |TAMS 0x0000000085700000, 0x0000000085700000| Untracked 
|  88|0x0000000085800000, 0x0000000085800000, 0x0000000085900000|  0%| F|  |TAMS 0x0000000085800000, 0x0000000085800000| Untracked 
|  89|0x0000000085900000, 0x0000000085900000, 0x0000000085a00000|  0%| F|  |TAMS 0x0000000085900000, 0x0000000085900000| Untracked 
|  90|0x0000000085a00000, 0x0000000085a00000, 0x0000000085b00000|  0%| F|  |TAMS 0x0000000085a00000, 0x0000000085a00000| Untracked 
|  91|0x0000000085b00000, 0x0000000085b00000, 0x0000000085c00000|  0%| F|  |TAMS 0x0000000085b00000, 0x0000000085b00000| Untracked 
|  92|0x0000000085c00000, 0x0000000085cfae68, 0x0000000085d00000| 98%| E|  |TAMS 0x0000000085c00000, 0x0000000085c00000| Complete 
|  93|0x0000000085d00000, 0x0000000085e00000, 0x0000000085e00000|100%| E|CS|TAMS 0x0000000085d00000, 0x0000000085d00000| Complete 
|  94|0x0000000085e00000, 0x0000000085f00000, 0x0000000085f00000|100%| E|CS|TAMS 0x0000000085e00000, 0x0000000085e00000| Complete 
|  95|0x0000000085f00000, 0x0000000086000000, 0x0000000086000000|100%| E|CS|TAMS 0x0000000085f00000, 0x0000000085f00000| Complete 
|  96|0x0000000086000000, 0x0000000086100000, 0x0000000086100000|100%| E|CS|TAMS 0x0000000086000000, 0x0000000086000000| Complete 
|  97|0x0000000086100000, 0x0000000086200000, 0x0000000086200000|100%| E|CS|TAMS 0x0000000086100000, 0x0000000086100000| Complete 
|  98|0x0000000086200000, 0x0000000086300000, 0x0000000086300000|100%| E|CS|TAMS 0x0000000086200000, 0x0000000086200000| Complete 
|  99|0x0000000086300000, 0x0000000086400000, 0x0000000086400000|100%| E|CS|TAMS 0x0000000086300000, 0x0000000086300000| Complete 
| 100|0x0000000086400000, 0x0000000086500000, 0x0000000086500000|100%| E|CS|TAMS 0x0000000086400000, 0x0000000086400000| Complete 
| 101|0x0000000086500000, 0x0000000086600000, 0x0000000086600000|100%| E|CS|TAMS 0x0000000086500000, 0x0000000086500000| Complete 
| 102|0x0000000086600000, 0x0000000086700000, 0x0000000086700000|100%| E|CS|TAMS 0x0000000086600000, 0x0000000086600000| Complete 
| 103|0x0000000086700000, 0x0000000086800000, 0x0000000086800000|100%| E|CS|TAMS 0x0000000086700000, 0x0000000086700000| Complete 
| 104|0x0000000086800000, 0x0000000086900000, 0x0000000086900000|100%| E|CS|TAMS 0x0000000086800000, 0x0000000086800000| Complete 
| 105|0x0000000086900000, 0x0000000086a00000, 0x0000000086a00000|100%| E|CS|TAMS 0x0000000086900000, 0x0000000086900000| Complete 
| 106|0x0000000086a00000, 0x0000000086b00000, 0x0000000086b00000|100%| E|CS|TAMS 0x0000000086a00000, 0x0000000086a00000| Complete 
| 107|0x0000000086b00000, 0x0000000086c00000, 0x0000000086c00000|100%| E|CS|TAMS 0x0000000086b00000, 0x0000000086b00000| Complete 
| 108|0x0000000086c00000, 0x0000000086d00000, 0x0000000086d00000|100%| E|CS|TAMS 0x0000000086c00000, 0x0000000086c00000| Complete 
| 109|0x0000000086d00000, 0x0000000086e00000, 0x0000000086e00000|100%| E|CS|TAMS 0x0000000086d00000, 0x0000000086d00000| Complete 
| 130|0x0000000088200000, 0x0000000088300000, 0x0000000088300000|100%| E|CS|TAMS 0x0000000088200000, 0x0000000088200000| Complete 
| 131|0x0000000088300000, 0x0000000088400000, 0x0000000088400000|100%| E|CS|TAMS 0x0000000088300000, 0x0000000088300000| Complete 
| 132|0x0000000088400000, 0x0000000088500000, 0x0000000088500000|100%| E|CS|TAMS 0x0000000088400000, 0x0000000088400000| Complete 
| 133|0x0000000088500000, 0x0000000088600000, 0x0000000088600000|100%| E|CS|TAMS 0x0000000088500000, 0x0000000088500000| Complete 
| 134|0x0000000088600000, 0x0000000088700000, 0x0000000088700000|100%| E|CS|TAMS 0x0000000088600000, 0x0000000088600000| Complete 
| 135|0x0000000088700000, 0x0000000088800000, 0x0000000088800000|100%| E|CS|TAMS 0x0000000088700000, 0x0000000088700000| Complete 
| 136|0x0000000088800000, 0x0000000088900000, 0x0000000088900000|100%| E|CS|TAMS 0x0000000088800000, 0x0000000088800000| Complete 
| 137|0x0000000088900000, 0x0000000088a00000, 0x0000000088a00000|100%| E|CS|TAMS 0x0000000088900000, 0x0000000088900000| Complete 
| 138|0x0000000088a00000, 0x0000000088b00000, 0x0000000088b00000|100%| E|CS|TAMS 0x0000000088a00000, 0x0000000088a00000| Complete 
| 139|0x0000000088b00000, 0x0000000088c00000, 0x0000000088c00000|100%| E|CS|TAMS 0x0000000088b00000, 0x0000000088b00000| Complete 
| 140|0x0000000088c00000, 0x0000000088d00000, 0x0000000088d00000|100%| E|CS|TAMS 0x0000000088c00000, 0x0000000088c00000| Complete 
| 141|0x0000000088d00000, 0x0000000088e00000, 0x0000000088e00000|100%| E|CS|TAMS 0x0000000088d00000, 0x0000000088d00000| Complete 
| 251|0x000000008fb00000, 0x000000008fc00000, 0x000000008fc00000|100%| E|CS|TAMS 0x000000008fb00000, 0x000000008fb00000| Complete 

Card table byte_map: [0x0000018cc56d0000,0x0000018cc5ad0000] _byte_map_base: 0x0000018cc52d0000

Marking Bits (Prev, Next): (CMBitMap*) 0x0000018cae29cf20, (CMBitMap*) 0x0000018cae29cee0
 Prev Bits: [0x0000018cc7ed0000, 0x0000018cc9ed0000)
 Next Bits: [0x0000018cc5ed0000, 0x0000018cc7ed0000)

Polling page: 0x0000018cabfc0000

Metaspace:

Usage:
  Non-class:     57.73 MB used.
      Class:      9.54 MB used.
       Both:     67.27 MB used.

Virtual space:
  Non-class space:       64.00 MB reserved,      58.12 MB ( 91%) committed,  1 nodes.
      Class space:      416.00 MB reserved,       9.94 MB (  2%) committed,  1 nodes.
             Both:      480.00 MB reserved,      68.06 MB ( 14%) committed. 

Chunk freelists:
   Non-Class:  5.53 MB
       Class:  6.08 MB
        Both:  11.60 MB

MaxMetaspaceSize: 512.00 MB
CompressedClassSpaceSize: 416.00 MB
Initial GC threshold: 21.00 MB
Current GC threshold: 106.25 MB
CDS: on
MetaspaceReclaimPolicy: balanced
 - commit_granule_bytes: 65536.
 - commit_granule_words: 8192.
 - virtual_space_node_default_size: 8388608.
 - enlarge_chunks_in_place: 1.
 - new_chunks_are_fully_committed: 0.
 - uncommit_free_chunks: 1.
 - use_allocation_guard: 0.
 - handle_deallocations: 1.


Internal statistics:

num_allocs_failed_limit: 6.
num_arena_births: 1048.
num_arena_deaths: 0.
num_vsnodes_births: 2.
num_vsnodes_deaths: 0.
num_space_committed: 1089.
num_space_uncommitted: 0.
num_chunks_returned_to_freelist: 6.
num_chunks_taken_from_freelist: 4063.
num_chunk_merges: 6.
num_chunk_splits: 2607.
num_chunks_enlarged: 1619.
num_inconsistent_stats: 0.

CodeHeap 'non-profiled nmethods': size=120000Kb used=4641Kb max_used=4641Kb free=115359Kb
 bounds [0x0000018cbd850000, 0x0000018cbdce0000, 0x0000018cc4d80000]
CodeHeap 'profiled nmethods': size=120000Kb used=14235Kb max_used=14235Kb free=105764Kb
 bounds [0x0000018cb5d80000, 0x0000018cb6b70000, 0x0000018cbd2b0000]
CodeHeap 'non-nmethods': size=5760Kb used=2379Kb max_used=2446Kb free=3381Kb
 bounds [0x0000018cbd2b0000, 0x0000018cbd520000, 0x0000018cbd850000]
 total_blobs=8421 nmethods=7515 adapters=818
 compilation: enabled
              stopped_count=0, restarted_count=0
 full_count=0

Compilation events (20 events):
Event: 10.002 Thread 0x0000018ccca3de40 nmethod 8305 0x0000018cb6b63410 code [0x0000018cb6b635c0, 0x0000018cb6b63708]
Event: 10.002 Thread 0x0000018ccca3de40 8306       3       org.objectweb.asm.ClassWriter::<init> (45 bytes)
Event: 10.002 Thread 0x0000018ccca3de40 nmethod 8306 0x0000018cb6b63790 code [0x0000018cb6b63980, 0x0000018cb6b63e68]
Event: 10.002 Thread 0x0000018ccca3de40 8307       3       org.objectweb.asm.ClassWriter::visitEnd (1 bytes)
Event: 10.002 Thread 0x0000018ccca3de40 nmethod 8307 0x0000018cb6b64010 code [0x0000018cb6b641a0, 0x0000018cb6b642b8]
Event: 10.011 Thread 0x0000018ccca3de40 8308       3       java.lang.ProcessEnvironment$CheckedEntry::getKey (5 bytes)
Event: 10.012 Thread 0x0000018ccca3de40 nmethod 8308 0x0000018cb6b64390 code [0x0000018cb6b64540, 0x0000018cb6b64888]
Event: 10.012 Thread 0x0000018ccca3de40 8309       3       java.lang.ProcessEnvironment$CheckedEntry::getKey (13 bytes)
Event: 10.012 Thread 0x0000018ccca3de40 nmethod 8309 0x0000018cb6b64990 code [0x0000018cb6b64b40, 0x0000018cb6b64e08]
Event: 10.013 Thread 0x0000018cf13ccbe0 8310   !   4       java.util.concurrent.ConcurrentHashMap::putVal (432 bytes)
Event: 10.020 Thread 0x0000018ccca3de40 8312       3       java.lang.ProcessEnvironment$CheckedEntry::getValue (13 bytes)
Event: 10.020 Thread 0x0000018ccca3de40 nmethod 8312 0x0000018cb6b64f10 code [0x0000018cb6b650c0, 0x0000018cb6b65388]
Event: 10.020 Thread 0x0000018ccca3de40 8311       3       java.lang.ProcessEnvironment$CheckedEntry::getValue (5 bytes)
Event: 10.020 Thread 0x0000018ccca3de40 nmethod 8311 0x0000018cb6b65490 code [0x0000018cb6b65640, 0x0000018cb6b65988]
Event: 10.021 Thread 0x0000018ccca3de40 8313       3       java.lang.ProcessEnvironment$EntryComparator::compare (13 bytes)
Event: 10.022 Thread 0x0000018ccca3de40 nmethod 8313 0x0000018cb6b65a90 code [0x0000018cb6b65c80, 0x0000018cb6b663e8]
Event: 10.022 Thread 0x0000018ccca3de40 8314       3       java.lang.ProcessEnvironment$EntryComparator::compare (25 bytes)
Event: 10.022 Thread 0x0000018ccca3de40 nmethod 8314 0x0000018cb6b66590 code [0x0000018cb6b66760, 0x0000018cb6b66c48]
Event: 10.043 Thread 0x0000018cf13cd130 nmethod 8218 0x0000018cbdcc8d90 code [0x0000018cbdcc94a0, 0x0000018cbdcd08f0]
Event: 10.052 Thread 0x0000018cf13ccbe0 nmethod 8310 0x0000018cbdcd4b90 code [0x0000018cbdcd4e00, 0x0000018cbdcd7030]

GC Heap History (20 events):
Event: 7.353 GC heap before
{Heap before GC invocations=18 (full 0):
 garbage-first heap   total 86016K, used 44332K [0x0000000080000000, 0x0000000100000000)
  region size 1024K, 4 young (4096K), 3 survivors (3072K)
 Metaspace       used 53622K, committed 54208K, reserved 491520K
  class space    used 7550K, committed 7808K, reserved 425984K
}
Event: 7.355 GC heap after
{Heap after GC invocations=19 (full 0):
 garbage-first heap   total 86016K, used 44773K [0x0000000080000000, 0x0000000100000000)
  region size 1024K, 2 young (2048K), 2 survivors (2048K)
 Metaspace       used 53622K, committed 54208K, reserved 491520K
  class space    used 7550K, committed 7808K, reserved 425984K
}
Event: 7.432 GC heap before
{Heap before GC invocations=20 (full 0):
 garbage-first heap   total 86016K, used 49893K [0x0000000080000000, 0x0000000100000000)
  region size 1024K, 5 young (5120K), 2 survivors (2048K)
 Metaspace       used 53707K, committed 54336K, reserved 491520K
  class space    used 7566K, committed 7872K, reserved 425984K
}
Event: 7.434 GC heap after
{Heap after GC invocations=21 (full 0):
 garbage-first heap   total 86016K, used 48588K [0x0000000080000000, 0x0000000100000000)
  region size 1024K, 2 young (2048K), 2 survivors (2048K)
 Metaspace       used 53707K, committed 54336K, reserved 491520K
  class space    used 7566K, committed 7872K, reserved 425984K
}
Event: 7.606 GC heap before
{Heap before GC invocations=22 (full 0):
 garbage-first heap   total 87040K, used 64972K [0x0000000080000000, 0x0000000100000000)
  region size 1024K, 16 young (16384K), 2 survivors (2048K)
 Metaspace       used 54635K, committed 55296K, reserved 491520K
  class space    used 7708K, committed 8000K, reserved 425984K
}
Event: 7.608 GC heap after
{Heap after GC invocations=23 (full 0):
 garbage-first heap   total 87040K, used 51193K [0x0000000080000000, 0x0000000100000000)
  region size 1024K, 2 young (2048K), 2 survivors (2048K)
 Metaspace       used 54635K, committed 55296K, reserved 491520K
  class space    used 7708K, committed 8000K, reserved 425984K
}
Event: 7.757 GC heap before
{Heap before GC invocations=23 (full 0):
 garbage-first heap   total 87040K, used 65529K [0x0000000080000000, 0x0000000100000000)
  region size 1024K, 16 young (16384K), 2 survivors (2048K)
 Metaspace       used 56496K, committed 57216K, reserved 491520K
  class space    used 7972K, committed 8320K, reserved 425984K
}
Event: 7.758 GC heap after
{Heap after GC invocations=24 (full 0):
 garbage-first heap   total 104448K, used 51881K [0x0000000080000000, 0x0000000100000000)
  region size 1024K, 2 young (2048K), 2 survivors (2048K)
 Metaspace       used 56496K, committed 57216K, reserved 491520K
  class space    used 7972K, committed 8320K, reserved 425984K
}
Event: 7.969 GC heap before
{Heap before GC invocations=25 (full 0):
 garbage-first heap   total 104448K, used 75433K [0x0000000080000000, 0x0000000100000000)
  region size 1024K, 26 young (26624K), 2 survivors (2048K)
 Metaspace       used 58129K, committed 58752K, reserved 491520K
  class space    used 8197K, committed 8512K, reserved 425984K
}
Event: 7.971 GC heap after
{Heap after GC invocations=26 (full 0):
 garbage-first heap   total 104448K, used 53024K [0x0000000080000000, 0x0000000100000000)
  region size 1024K, 3 young (3072K), 3 survivors (3072K)
 Metaspace       used 58129K, committed 58752K, reserved 491520K
  class space    used 8197K, committed 8512K, reserved 425984K
}
Event: 8.177 GC heap before
{Heap before GC invocations=26 (full 0):
 garbage-first heap   total 104448K, used 77600K [0x0000000080000000, 0x0000000100000000)
  region size 1024K, 28 young (28672K), 3 survivors (3072K)
 Metaspace       used 60297K, committed 60992K, reserved 491520K
  class space    used 8519K, committed 8832K, reserved 425984K
}
Event: 8.180 GC heap after
{Heap after GC invocations=27 (full 0):
 garbage-first heap   total 104448K, used 53636K [0x0000000080000000, 0x0000000100000000)
  region size 1024K, 3 young (3072K), 3 survivors (3072K)
 Metaspace       used 60297K, committed 60992K, reserved 491520K
  class space    used 8519K, committed 8832K, reserved 425984K
}
Event: 8.378 GC heap before
{Heap before GC invocations=28 (full 0):
 garbage-first heap   total 104448K, used 73092K [0x0000000080000000, 0x0000000100000000)
  region size 1024K, 23 young (23552K), 3 survivors (3072K)
 Metaspace       used 61876K, committed 62528K, reserved 491520K
  class space    used 8780K, committed 9088K, reserved 425984K
}
Event: 8.381 GC heap after
{Heap after GC invocations=29 (full 0):
 garbage-first heap   total 104448K, used 54593K [0x0000000080000000, 0x0000000100000000)
  region size 1024K, 3 young (3072K), 3 survivors (3072K)
 Metaspace       used 61876K, committed 62528K, reserved 491520K
  class space    used 8780K, committed 9088K, reserved 425984K
}
Event: 8.660 GC heap before
{Heap before GC invocations=30 (full 0):
 garbage-first heap   total 104448K, used 85313K [0x0000000080000000, 0x0000000100000000)
  region size 1024K, 30 young (30720K), 3 survivors (3072K)
 Metaspace       used 63259K, committed 63936K, reserved 491520K
  class space    used 8986K, committed 9280K, reserved 425984K
}
Event: 8.663 GC heap after
{Heap after GC invocations=31 (full 0):
 garbage-first heap   total 104448K, used 58684K [0x0000000080000000, 0x0000000100000000)
  region size 1024K, 3 young (3072K), 3 survivors (3072K)
 Metaspace       used 63259K, committed 63936K, reserved 491520K
  class space    used 8986K, committed 9280K, reserved 425984K
}
Event: 8.975 GC heap before
{Heap before GC invocations=31 (full 0):
 garbage-first heap   total 104448K, used 83260K [0x0000000080000000, 0x0000000100000000)
  region size 1024K, 28 young (28672K), 3 survivors (3072K)
 Metaspace       used 64479K, committed 65088K, reserved 491520K
  class space    used 9169K, committed 9472K, reserved 425984K
}
Event: 8.978 GC heap after
{Heap after GC invocations=32 (full 0):
 garbage-first heap   total 125952K, used 60235K [0x0000000080000000, 0x0000000100000000)
  region size 1024K, 4 young (4096K), 4 survivors (4096K)
 Metaspace       used 64479K, committed 65088K, reserved 491520K
  class space    used 9169K, committed 9472K, reserved 425984K
}
Event: 9.622 GC heap before
{Heap before GC invocations=33 (full 0):
 garbage-first heap   total 125952K, used 98123K [0x0000000080000000, 0x0000000100000000)
  region size 1024K, 41 young (41984K), 4 survivors (4096K)
 Metaspace       used 66594K, committed 67456K, reserved 491520K
  class space    used 9463K, committed 9856K, reserved 425984K
}
Event: 9.626 GC heap after
{Heap after GC invocations=34 (full 0):
 garbage-first heap   total 125952K, used 62923K [0x0000000080000000, 0x0000000100000000)
  region size 1024K, 6 young (6144K), 6 survivors (6144K)
 Metaspace       used 66594K, committed 67456K, reserved 491520K
  class space    used 9463K, committed 9856K, reserved 425984K
}

Dll operation events (15 events):
Event: 0.011 Loaded shared library C:\Program Files\Microsoft\jdk-17.0.15.6-hotspot\bin\java.dll
Event: 0.022 Loaded shared library C:\Program Files\Microsoft\jdk-17.0.15.6-hotspot\bin\jsvml.dll
Event: 0.053 Loaded shared library C:\Program Files\Microsoft\jdk-17.0.15.6-hotspot\bin\zip.dll
Event: 0.056 Loaded shared library C:\Program Files\Microsoft\jdk-17.0.15.6-hotspot\bin\instrument.dll
Event: 0.060 Loaded shared library C:\Program Files\Microsoft\jdk-17.0.15.6-hotspot\bin\net.dll
Event: 0.061 Loaded shared library C:\Program Files\Microsoft\jdk-17.0.15.6-hotspot\bin\nio.dll
Event: 0.062 Loaded shared library C:\Program Files\Microsoft\jdk-17.0.15.6-hotspot\bin\zip.dll
Event: 0.224 Loaded shared library C:\Program Files\Microsoft\jdk-17.0.15.6-hotspot\bin\jimage.dll
Event: 0.369 Loaded shared library C:\Program Files\Microsoft\jdk-17.0.15.6-hotspot\bin\verify.dll
Event: 0.453 Loaded shared library C:\Users\Dell\.gradle\native\1def1411415f61bf3af743bc5b6707747c0891f09f0c88961ee8f79bc544acac\windows-amd64\native-platform.dll
Event: 0.470 Loaded shared library C:\Users\Dell\.gradle\native\0.2.7\x86_64-windows-gnu\gradle-fileevents.dll
Event: 1.374 Loaded shared library C:\Program Files\Microsoft\jdk-17.0.15.6-hotspot\bin\management.dll
Event: 1.376 Loaded shared library C:\Program Files\Microsoft\jdk-17.0.15.6-hotspot\bin\management_ext.dll
Event: 1.524 Loaded shared library C:\Program Files\Microsoft\jdk-17.0.15.6-hotspot\bin\extnet.dll
Event: 1.667 Loaded shared library C:\Program Files\Microsoft\jdk-17.0.15.6-hotspot\bin\sunmscapi.dll

Deoptimization events (20 events):
Event: 9.981 Thread 0x0000018cef2560e0 Uncommon trap: trap_request=0xffffff45 fr.pc=0x0000018cbdc502a8 relative=0x00000000000007c8
Event: 9.981 Thread 0x0000018cef2560e0 Uncommon trap: reason=unstable_if action=reinterpret pc=0x0000018cbdc502a8 method=java.lang.ThreadLocal.setInitialValue()Ljava/lang/Object; @ 16 c2
Event: 9.981 Thread 0x0000018cef2560e0 DEOPT PACKING pc=0x0000018cbdc502a8 sp=0x00000086ea2fe420
Event: 9.981 Thread 0x0000018cef2560e0 DEOPT UNPACKING pc=0x0000018cbd3069a3 sp=0x00000086ea2fe408 mode 2
Event: 9.993 Thread 0x0000018cef254280 Uncommon trap: trap_request=0xffffffde fr.pc=0x0000018cbdbf0dc4 relative=0x0000000000001204
Event: 9.993 Thread 0x0000018cef254280 Uncommon trap: reason=class_check action=maybe_recompile pc=0x0000018cbdbf0dc4 method=java.util.concurrent.ConcurrentHashMap.putVal(Ljava/lang/Object;Ljava/lang/Object;Z)Ljava/lang/Object; @ 159 c2
Event: 9.993 Thread 0x0000018cef254280 DEOPT PACKING pc=0x0000018cbdbf0dc4 sp=0x00000086eaafe680
Event: 9.993 Thread 0x0000018cef254280 DEOPT UNPACKING pc=0x0000018cbd3069a3 sp=0x00000086eaafe630 mode 2
Event: 9.994 Thread 0x0000018cef254280 Uncommon trap: trap_request=0xffffffde fr.pc=0x0000018cbdbf0dc4 relative=0x0000000000001204
Event: 9.994 Thread 0x0000018cef254280 Uncommon trap: reason=class_check action=maybe_recompile pc=0x0000018cbdbf0dc4 method=java.util.concurrent.ConcurrentHashMap.putVal(Ljava/lang/Object;Ljava/lang/Object;Z)Ljava/lang/Object; @ 159 c2
Event: 9.994 Thread 0x0000018cef254280 DEOPT PACKING pc=0x0000018cbdbf0dc4 sp=0x00000086eaafe680
Event: 9.994 Thread 0x0000018cef254280 DEOPT UNPACKING pc=0x0000018cbd3069a3 sp=0x00000086eaafe630 mode 2
Event: 10.002 Thread 0x0000018cec5975e0 Uncommon trap: trap_request=0xffffff45 fr.pc=0x0000018cbdc2c5a4 relative=0x0000000000002064
Event: 10.002 Thread 0x0000018cec5975e0 Uncommon trap: reason=unstable_if action=reinterpret pc=0x0000018cbdc2c5a4 method=org.objectweb.asm.MethodWriter.putMethodInfo(Lorg/objectweb/asm/ByteVector;)V @ 9 c2
Event: 10.002 Thread 0x0000018cec5975e0 DEOPT PACKING pc=0x0000018cbdc2c5a4 sp=0x00000086e61f4fb0
Event: 10.002 Thread 0x0000018cec5975e0 DEOPT UNPACKING pc=0x0000018cbd3069a3 sp=0x00000086e61f4f60 mode 2
Event: 10.038 Thread 0x0000018cef258960 Uncommon trap: trap_request=0xffffffde fr.pc=0x0000018cbda86d90 relative=0x0000000000000890
Event: 10.038 Thread 0x0000018cef258960 Uncommon trap: reason=class_check action=maybe_recompile pc=0x0000018cbda86d90 method=java.io.BufferedInputStream.read1([BII)I @ 39 c2
Event: 10.038 Thread 0x0000018cef258960 DEOPT PACKING pc=0x0000018cbda86d90 sp=0x00000086eaeff250
Event: 10.038 Thread 0x0000018cef258960 DEOPT UNPACKING pc=0x0000018cbd3069a3 sp=0x00000086eaeff168 mode 2

Classes loaded (20 events):
Event: 9.904 Loading class java/text/ParsePosition
Event: 9.904 Loading class java/text/ParsePosition done
Event: 9.909 Loading class java/text/CharacterIterator
Event: 9.910 Loading class java/text/CharacterIterator done
Event: 9.942 Loading class jdk/internal/reflect/UnsafeObjectFieldAccessorImpl
Event: 9.943 Loading class jdk/internal/reflect/UnsafeObjectFieldAccessorImpl done
Event: 9.974 Loading class java/util/stream/ReferencePipeline$15
Event: 9.975 Loading class java/util/stream/ReferencePipeline$15 done
Event: 9.979 Loading class java/util/stream/ReferencePipeline$15$1
Event: 9.979 Loading class java/util/stream/ReferencePipeline$15$1 done
Event: 10.020 Loading class java/lang/ProcessImpl
Event: 10.021 Loading class java/lang/ProcessImpl done
Event: 10.031 Loading class java/lang/ProcessHandleImpl
Event: 10.031 Loading class java/lang/ProcessHandleImpl done
Event: 10.034 Loading class java/lang/ProcessImpl$2
Event: 10.035 Loading class java/lang/ProcessImpl$2 done
Event: 10.035 Loading class java/lang/Process$PipeInputStream
Event: 10.035 Loading class java/lang/Process$PipeInputStream done
Event: 10.036 Loading class jdk/internal/event/ProcessStartEvent
Event: 10.036 Loading class jdk/internal/event/ProcessStartEvent done

Classes unloaded (0 events):
No events

Classes redefined (0 events):
No events

Internal exceptions (20 events):
Event: 9.923 Thread 0x0000018cec5975e0 Exception <a 'java/lang/ClassNotFoundException'{0x0000000086217690}: org/gradle/api/internal/project/DefaultAntBuilderBeanInfo> (0x0000000086217690) 
thrown [s\src\hotspot\share\classfile\systemDictionary.cpp, line 256]
Event: 9.923 Thread 0x0000018cec5975e0 Exception <a 'java/lang/ClassNotFoundException'{0x0000000086226340}: org/gradle/api/internal/project/ant/BasicAntBuilderBeanInfo> (0x0000000086226340) 
thrown [s\src\hotspot\share\classfile\systemDictionary.cpp, line 256]
Event: 9.923 Thread 0x0000018cec5975e0 Exception <a 'java/lang/ClassNotFoundException'{0x0000000086234c48}: org/gradle/api/AntBuilderBeanInfo> (0x0000000086234c48) 
thrown [s\src\hotspot\share\classfile\systemDictionary.cpp, line 256]
Event: 9.924 Thread 0x0000018cec5975e0 Exception <a 'java/lang/ClassNotFoundException'{0x0000000086245460}: groovy/ant/AntBuilderBeanInfo> (0x0000000086245460) 
thrown [s\src\hotspot\share\classfile\systemDictionary.cpp, line 256]
Event: 9.924 Thread 0x0000018cec5975e0 Exception <a 'java/lang/ClassNotFoundException'{0x000000008628a6d0}: groovy/util/BuilderSupportBeanInfo> (0x000000008628a6d0) 
thrown [s\src\hotspot\share\classfile\systemDictionary.cpp, line 256]
Event: 9.925 Thread 0x0000018cec5975e0 Exception <a 'java/lang/ClassNotFoundException'{0x00000000862cf990}: groovy/util/BuilderSupportCustomizer> (0x00000000862cf990) 
thrown [s\src\hotspot\share\classfile\systemDictionary.cpp, line 256]
Event: 9.926 Thread 0x0000018cec5975e0 Exception <a 'java/lang/ClassNotFoundException'{0x00000000862e2920}: groovy/ant/AntBuilderCustomizer> (0x00000000862e2920) 
thrown [s\src\hotspot\share\classfile\systemDictionary.cpp, line 256]
Event: 9.926 Thread 0x0000018cec5975e0 Exception <a 'java/lang/ClassNotFoundException'{0x00000000862f5900}: org/gradle/api/AntBuilderCustomizer> (0x00000000862f5900) 
thrown [s\src\hotspot\share\classfile\systemDictionary.cpp, line 256]
Event: 9.927 Thread 0x0000018cec5975e0 Exception <a 'java/lang/ClassNotFoundException'{0x000000008610f980}: org/gradle/api/internal/project/ant/BasicAntBuilderCustomizer> (0x000000008610f980) 
thrown [s\src\hotspot\share\classfile\systemDictionary.cpp, line 256]
Event: 9.928 Thread 0x0000018cec5975e0 Exception <a 'java/lang/ClassNotFoundException'{0x0000000086130fc0}: org/gradle/api/internal/project/DefaultAntBuilderCustomizer> (0x0000000086130fc0) 
thrown [s\src\hotspot\share\classfile\systemDictionary.cpp, line 256]
Event: 9.957 Thread 0x0000018cec5975e0 Implicit null exception at 0x0000018cbdca5620 to 0x0000018cbdcabdb8
Event: 9.962 Thread 0x0000018cec5975e0 Exception <a 'java/lang/NoSuchMethodError'{0x0000000085f11bb0}: 'java.lang.Object java.lang.invoke.DirectMethodHandle$Holder.newInvokeSpecial(java.lang.Object, java.lang.Object, java.lang.Object, java.lang.Object, java.lang.Object, java.lang.Object, int)'> (0x0000000085f11bb0) 
thrown [s\src\hotspot\share\interpreter\linkResolver.cpp, line 759]
Event: 9.963 Thread 0x0000018cec5975e0 Exception <a 'java/lang/NoSuchMethodError'{0x0000000085f17db0}: 'java.lang.Object java.lang.invoke.DirectMethodHandle$Holder.invokeSpecial(java.lang.Object, java.lang.Object, java.lang.Object, java.lang.Object, java.lang.Object, java.lang.Object, java.lang.Object, int)'> (0x0000000085f17db0) 
thrown [s\src\hotspot\share\interpreter\linkResolver.cpp, line 759]
Event: 9.963 Thread 0x0000018cec5975e0 Exception <a 'java/lang/NoSuchMethodError'{0x0000000085f1d980}: 'java.lang.Object java.lang.invoke.Invokers$Holder.linkToTargetMethod(java.lang.Object, java.lang.Object, java.lang.Object, java.lang.Object, java.lang.Object, int, java.lang.Object)'> (0x0000000085f1d980) 
thrown [s\src\hotspot\share\interpreter\linkResolver.cpp, line 759]
Event: 9.981 Thread 0x0000018cef253860 Implicit null exception at 0x0000018cbdafa05d to 0x0000018cbdafa1c8
Event: 9.981 Thread 0x0000018cef253860 Implicit null exception at 0x0000018cbdc4fb3e to 0x0000018cbdc50288
Event: 9.981 Thread 0x0000018cef2560e0 Implicit null exception at 0x0000018cbdc4fb3e to 0x0000018cbdc50288
Event: 10.031 Thread 0x0000018cef254ca0 Exception <a 'java/lang/NoSuchMethodError'{0x0000000085c8fc50}: 'void java.lang.invoke.DirectMethodHandle$Holder.invokeStatic(java.lang.Object, long)'> (0x0000000085c8fc50) 
thrown [s\src\hotspot\share\interpreter\linkResolver.cpp, line 759]
Event: 10.033 Thread 0x0000018cef254ca0 Exception <a 'java/lang/NoSuchMethodError'{0x0000000085c9ab28}: 'java.lang.Object java.lang.invoke.DirectMethodHandle$Holder.invokeStatic(java.lang.Object, java.lang.Object, long, java.lang.Object)'> (0x0000000085c9ab28) 
thrown [s\src\hotspot\share\interpreter\linkResolver.cpp, line 759]
Event: 10.033 Thread 0x0000018cef254ca0 Exception <a 'java/lang/NoSuchMethodError'{0x0000000085c9e300}: 'java.lang.Object java.lang.invoke.DirectMethodHandle$Holder.invokeStaticInit(java.lang.Object, java.lang.Object, long, java.lang.Object)'> (0x0000000085c9e300) 
thrown [s\src\hotspot\share\interpreter\linkResolver.cpp, line 759]

VM Operations (20 events):
Event: 8.964 Executing VM operation: ICBufferFull
Event: 8.964 Executing VM operation: ICBufferFull done
Event: 8.974 Executing VM operation: G1CollectForAllocation
Event: 8.978 Executing VM operation: G1CollectForAllocation done
Event: 9.001 Executing VM operation: G1PauseRemark
Event: 9.004 Executing VM operation: G1PauseRemark done
Event: 9.016 Executing VM operation: G1PauseCleanup
Event: 9.016 Executing VM operation: G1PauseCleanup done
Event: 9.182 Executing VM operation: ICBufferFull
Event: 9.182 Executing VM operation: ICBufferFull done
Event: 9.428 Executing VM operation: HandshakeAllThreads
Event: 9.428 Executing VM operation: HandshakeAllThreads done
Event: 9.458 Executing VM operation: ICBufferFull
Event: 9.458 Executing VM operation: ICBufferFull done
Event: 9.622 Executing VM operation: G1CollectForAllocation
Event: 9.626 Executing VM operation: G1CollectForAllocation done
Event: 9.996 Executing VM operation: ICBufferFull
Event: 9.996 Executing VM operation: ICBufferFull done
Event: 10.036 Executing VM operation: HandshakeAllThreads
Event: 10.036 Executing VM operation: HandshakeAllThreads done

Memory protections (0 events):
No events

Nmethod flushes (20 events):
Event: 6.000 Thread 0x0000018ccca40760 flushing  nmethod 0x0000018cb64a2b10
Event: 6.000 Thread 0x0000018ccca40760 flushing  nmethod 0x0000018cb64a3290
Event: 6.000 Thread 0x0000018ccca40760 flushing  nmethod 0x0000018cb64a3610
Event: 6.000 Thread 0x0000018ccca40760 flushing  nmethod 0x0000018cb64a4610
Event: 6.000 Thread 0x0000018ccca40760 flushing  nmethod 0x0000018cb64a4c10
Event: 6.000 Thread 0x0000018ccca40760 flushing  nmethod 0x0000018cb64a6110
Event: 6.000 Thread 0x0000018ccca40760 flushing  nmethod 0x0000018cb64ab790
Event: 6.000 Thread 0x0000018ccca40760 flushing  nmethod 0x0000018cb64ac590
Event: 6.000 Thread 0x0000018ccca40760 flushing  nmethod 0x0000018cb64acf90
Event: 6.000 Thread 0x0000018ccca40760 flushing  nmethod 0x0000018cb64ae110
Event: 6.000 Thread 0x0000018ccca40760 flushing  nmethod 0x0000018cb64ae910
Event: 6.001 Thread 0x0000018ccca40760 flushing  nmethod 0x0000018cb64aef90
Event: 6.001 Thread 0x0000018ccca40760 flushing  nmethod 0x0000018cb64b1f90
Event: 6.001 Thread 0x0000018ccca40760 flushing  nmethod 0x0000018cb64d5110
Event: 6.001 Thread 0x0000018ccca40760 flushing  nmethod 0x0000018cb6504a10
Event: 6.001 Thread 0x0000018ccca40760 flushing  nmethod 0x0000018cb651a810
Event: 6.001 Thread 0x0000018ccca40760 flushing  nmethod 0x0000018cb6564390
Event: 6.001 Thread 0x0000018ccca40760 flushing  nmethod 0x0000018cb663ff10
Event: 6.001 Thread 0x0000018ccca40760 flushing  nmethod 0x0000018cb664da90
Event: 9.429 Thread 0x0000018ccca40760 flushing  nmethod 0x0000018cb5f19e10

Events (20 events):
Event: 7.176 Thread 0x0000018cec5975e0 Thread added: 0x0000018cf1b73a90
Event: 7.724 Thread 0x0000018cec5975e0 Thread added: 0x0000018cf1b744b0
Event: 8.046 Thread 0x0000018cccde5620 Thread exited: 0x0000018cccde5620
Event: 8.046 Thread 0x0000018cf13cd130 Thread exited: 0x0000018cf13cd130
Event: 8.144 Thread 0x0000018cec5975e0 Thread added: 0x0000018cf1b749c0
Event: 8.537 Thread 0x0000018ccca3de40 Thread added: 0x0000018cf13cd130
Event: 9.622 Thread 0x0000018ccca3de40 Thread added: 0x0000018cf13ccbe0
Event: 9.979 Thread 0x0000018cec5975e0 Thread added: 0x0000018cef2560e0
Event: 9.980 Thread 0x0000018cef2560e0 Thread added: 0x0000018cef253860
Event: 9.980 Thread 0x0000018cef2560e0 Thread added: 0x0000018cef252e40
Event: 9.980 Thread 0x0000018cef253860 Thread added: 0x0000018cef256b00
Event: 9.981 Thread 0x0000018cef2560e0 Thread added: 0x0000018cef253d70
Event: 9.981 Thread 0x0000018cef252e40 Thread added: 0x0000018cef257520
Event: 9.981 Thread 0x0000018cef253d70 Thread added: 0x0000018cef257010
Event: 9.982 Thread 0x0000018cef257010 Thread added: 0x0000018cef257a30
Event: 9.982 Thread 0x0000018cef253860 Thread added: 0x0000018cef254280
Event: 9.983 Thread 0x0000018cef257010 Thread added: 0x0000018cef257f40
Event: 10.019 Thread 0x0000018cec5975e0 Thread added: 0x0000018cef254ca0
Event: 10.037 Thread 0x0000018cef254ca0 Thread added: 0x0000018cef258450
Event: 10.037 Thread 0x0000018cef254ca0 Thread added: 0x0000018cef258960


Dynamic libraries:
0x00007ff71d5a0000 - 0x00007ff71d5ae000 	C:\Program Files\Microsoft\jdk-17.0.15.6-hotspot\bin\java.exe
0x00007ffa69c80000 - 0x00007ffa69ee6000 	C:\WINDOWS\SYSTEM32\ntdll.dll
0x00007ffa67f80000 - 0x00007ffa68049000 	C:\WINDOWS\System32\KERNEL32.DLL
0x00007ffa67250000 - 0x00007ffa6761c000 	C:\WINDOWS\System32\KERNELBASE.dll
0x00007ffa67050000 - 0x00007ffa6719b000 	C:\WINDOWS\System32\ucrtbase.dll
0x00007ffa5d5d0000 - 0x00007ffa5d5e7000 	C:\Program Files\Microsoft\jdk-17.0.15.6-hotspot\bin\jli.dll
0x00007ffa5f630000 - 0x00007ffa5f64d000 	C:\Program Files\Microsoft\jdk-17.0.15.6-hotspot\bin\VCRUNTIME140.dll
0x00007ffa67a40000 - 0x00007ffa67c0a000 	C:\WINDOWS\System32\USER32.dll
0x00007ffa66ea0000 - 0x00007ffa66ec7000 	C:\WINDOWS\System32\win32u.dll
0x00007ffa4c730000 - 0x00007ffa4c9ca000 	C:\WINDOWS\WinSxS\amd64_microsoft.windows.common-controls_6595b64144ccf1df_6.0.26100.3912_none_3e07963ce335137e\COMCTL32.dll
0x00007ffa685a0000 - 0x00007ffa68649000 	C:\WINDOWS\System32\msvcrt.dll
0x00007ffa688f0000 - 0x00007ffa6891b000 	C:\WINDOWS\System32\GDI32.dll
0x00007ffa67620000 - 0x00007ffa67752000 	C:\WINDOWS\System32\gdi32full.dll
0x00007ffa671a0000 - 0x00007ffa67243000 	C:\WINDOWS\System32\msvcp_win.dll
0x00007ffa67e90000 - 0x00007ffa67ec0000 	C:\WINDOWS\System32\IMM32.DLL
0x00007ffa618c0000 - 0x00007ffa618cc000 	C:\Program Files\Microsoft\jdk-17.0.15.6-hotspot\bin\vcruntime140_1.dll
0x00007ffa4ac00000 - 0x00007ffa4ac8d000 	C:\Program Files\Microsoft\jdk-17.0.15.6-hotspot\bin\msvcp140.dll
0x00007ff9fb420000 - 0x00007ff9fc092000 	C:\Program Files\Microsoft\jdk-17.0.15.6-hotspot\bin\server\jvm.dll
0x00007ffa68c80000 - 0x00007ffa68d32000 	C:\WINDOWS\System32\ADVAPI32.dll
0x00007ffa680f0000 - 0x00007ffa68196000 	C:\WINDOWS\System32\sechost.dll
0x00007ffa69690000 - 0x00007ffa697a6000 	C:\WINDOWS\System32\RPCRT4.dll
0x00007ffa67ca0000 - 0x00007ffa67d14000 	C:\WINDOWS\System32\WS2_32.dll
0x00007ffa521a0000 - 0x00007ffa521ab000 	C:\WINDOWS\SYSTEM32\VERSION.dll
0x00007ffa61840000 - 0x00007ffa61876000 	C:\WINDOWS\SYSTEM32\WINMM.dll
0x00007ffa66c80000 - 0x00007ffa66cde000 	C:\WINDOWS\SYSTEM32\POWRPROF.dll
0x00007ffa66c60000 - 0x00007ffa66c74000 	C:\WINDOWS\SYSTEM32\UMPDC.dll
0x00007ffa65b90000 - 0x00007ffa65baa000 	C:\WINDOWS\SYSTEM32\kernel.appcore.dll
0x00007ffa5d520000 - 0x00007ffa5d52a000 	C:\Program Files\Microsoft\jdk-17.0.15.6-hotspot\bin\jimage.dll
0x00007ffa64670000 - 0x00007ffa648b1000 	C:\WINDOWS\SYSTEM32\DBGHELP.DLL
0x00007ffa681a0000 - 0x00007ffa68524000 	C:\WINDOWS\System32\combase.dll
0x00007ffa68650000 - 0x00007ffa68730000 	C:\WINDOWS\System32\OLEAUT32.dll
0x00007ffa40550000 - 0x00007ffa40589000 	C:\WINDOWS\SYSTEM32\dbgcore.DLL
0x00007ffa67820000 - 0x00007ffa678b9000 	C:\WINDOWS\System32\bcryptPrimitives.dll
0x00007ffa55d40000 - 0x00007ffa55d4e000 	C:\Program Files\Microsoft\jdk-17.0.15.6-hotspot\bin\instrument.dll
0x00007ffa56260000 - 0x00007ffa56285000 	C:\Program Files\Microsoft\jdk-17.0.15.6-hotspot\bin\java.dll
0x00007ffa3db10000 - 0x00007ffa3dbe6000 	C:\Program Files\Microsoft\jdk-17.0.15.6-hotspot\bin\jsvml.dll
0x00007ffa68d50000 - 0x00007ffa6947d000 	C:\WINDOWS\System32\SHELL32.dll
0x00007ffa66ed0000 - 0x00007ffa67044000 	C:\WINDOWS\System32\wintypes.dll
0x00007ffa64a40000 - 0x00007ffa65296000 	C:\WINDOWS\SYSTEM32\windows.storage.dll
0x00007ffa68b80000 - 0x00007ffa68c6f000 	C:\WINDOWS\System32\SHCORE.dll
0x00007ffa68050000 - 0x00007ffa680b9000 	C:\WINDOWS\System32\shlwapi.dll
0x00007ffa66d20000 - 0x00007ffa66d4f000 	C:\WINDOWS\SYSTEM32\profapi.dll
0x00007ffa54bf0000 - 0x00007ffa54c08000 	C:\Program Files\Microsoft\jdk-17.0.15.6-hotspot\bin\zip.dll
0x00007ffa5d420000 - 0x00007ffa5d43a000 	C:\Program Files\Microsoft\jdk-17.0.15.6-hotspot\bin\net.dll
0x00007ffa5f1d0000 - 0x00007ffa5f2ee000 	C:\WINDOWS\SYSTEM32\WINHTTP.dll
0x00007ffa660e0000 - 0x00007ffa6614a000 	C:\WINDOWS\system32\mswsock.dll
0x00007ffa55960000 - 0x00007ffa55976000 	C:\Program Files\Microsoft\jdk-17.0.15.6-hotspot\bin\nio.dll
0x00007ffa5adc0000 - 0x00007ffa5add0000 	C:\Program Files\Microsoft\jdk-17.0.15.6-hotspot\bin\verify.dll
0x00007ffa54ae0000 - 0x00007ffa54b07000 	C:\Users\Dell\.gradle\native\1def1411415f61bf3af743bc5b6707747c0891f09f0c88961ee8f79bc544acac\windows-amd64\native-platform.dll
0x00007ffa4ab80000 - 0x00007ffa4abf8000 	C:\Users\Dell\.gradle\native\0.2.7\x86_64-windows-gnu\gradle-fileevents.dll
0x00007ffa56850000 - 0x00007ffa5685a000 	C:\Program Files\Microsoft\jdk-17.0.15.6-hotspot\bin\management.dll
0x00007ffa563b0000 - 0x00007ffa563bb000 	C:\Program Files\Microsoft\jdk-17.0.15.6-hotspot\bin\management_ext.dll
0x00007ffa69570000 - 0x00007ffa69578000 	C:\WINDOWS\System32\PSAPI.DLL
0x00007ffa655b0000 - 0x00007ffa655e3000 	C:\WINDOWS\SYSTEM32\IPHLPAPI.DLL
0x00007ffa69580000 - 0x00007ffa6958a000 	C:\WINDOWS\System32\NSI.dll
0x00007ffa5fad0000 - 0x00007ffa5faef000 	C:\WINDOWS\SYSTEM32\dhcpcsvc6.DLL
0x00007ffa5fa80000 - 0x00007ffa5faa5000 	C:\WINDOWS\SYSTEM32\dhcpcsvc.DLL
0x00007ffa655f0000 - 0x00007ffa65717000 	C:\WINDOWS\SYSTEM32\DNSAPI.dll
0x00007ffa56200000 - 0x00007ffa56209000 	C:\Program Files\Microsoft\jdk-17.0.15.6-hotspot\bin\extnet.dll
0x00007ffa66420000 - 0x00007ffa6643c000 	C:\WINDOWS\SYSTEM32\CRYPTSP.dll
0x00007ffa65af0000 - 0x00007ffa65b2a000 	C:\WINDOWS\system32\rsaenh.dll
0x00007ffa66180000 - 0x00007ffa661ab000 	C:\WINDOWS\SYSTEM32\USERENV.dll
0x00007ffa66cf0000 - 0x00007ffa66d16000 	C:\WINDOWS\SYSTEM32\bcrypt.dll
0x00007ffa66310000 - 0x00007ffa6631c000 	C:\WINDOWS\SYSTEM32\CRYPTBASE.dll
0x00007ffa55950000 - 0x00007ffa5595e000 	C:\Program Files\Microsoft\jdk-17.0.15.6-hotspot\bin\sunmscapi.dll
0x00007ffa678c0000 - 0x00007ffa67a37000 	C:\WINDOWS\System32\CRYPT32.dll
0x00007ffa66570000 - 0x00007ffa665a0000 	C:\WINDOWS\SYSTEM32\ncrypt.dll
0x00007ffa66520000 - 0x00007ffa6655f000 	C:\WINDOWS\SYSTEM32\NTASN1.dll
0x00007ffa400b0000 - 0x00007ffa400b8000 	C:\WINDOWS\system32\wshunix.dll
0x00007ff9c8490000 - 0x00007ff9c84a8000 	C:\WINDOWS\system32\napinsp.dll
0x00007ff9c84b0000 - 0x00007ff9c84c2000 	C:\WINDOWS\System32\winrnr.dll
0x00007ffa26a40000 - 0x00007ffa26a70000 	C:\WINDOWS\system32\nlansp_c.dll
0x00007ffa5d320000 - 0x00007ffa5d336000 	C:\WINDOWS\system32\wshbth.dll
0x00007ffa5fab0000 - 0x00007ffa5fabb000 	C:\Windows\System32\rasadhlp.dll
0x00007ffa5ff00000 - 0x00007ffa5ff86000 	C:\WINDOWS\System32\fwpuclnt.dll

dbghelp: loaded successfully - version: 4.0.5 - missing functions: none
symbol engine: initialized successfully - sym options: 0x614 - pdb path: .;C:\Program Files\Microsoft\jdk-17.0.15.6-hotspot\bin;C:\WINDOWS\SYSTEM32;C:\WINDOWS\WinSxS\amd64_microsoft.windows.common-controls_6595b64144ccf1df_6.0.26100.3912_none_3e07963ce335137e;C:\Program Files\Microsoft\jdk-17.0.15.6-hotspot\bin\server;C:\Users\Dell\.gradle\native\1def1411415f61bf3af743bc5b6707747c0891f09f0c88961ee8f79bc544acac\windows-amd64;C:\Users\Dell\.gradle\native\0.2.7\x86_64-windows-gnu

VM Arguments:
jvm_args: --add-opens=java.base/java.lang=ALL-UNNAMED --add-opens=java.base/java.lang.invoke=ALL-UNNAMED --add-opens=java.base/java.util=ALL-UNNAMED --add-opens=java.prefs/java.util.prefs=ALL-UNNAMED --add-exports=jdk.compiler/com.sun.tools.javac.api=ALL-UNNAMED --add-exports=jdk.compiler/com.sun.tools.javac.util=ALL-UNNAMED --add-opens=java.base/java.util=ALL-UNNAMED --add-opens=java.prefs/java.util.prefs=ALL-UNNAMED --add-opens=java.base/java.nio.charset=ALL-UNNAMED --add-opens=java.base/java.net=ALL-UNNAMED --add-opens=java.base/java.util.concurrent.atomic=ALL-UNNAMED --add-opens=java.xml/javax.xml.namespace=ALL-UNNAMED -XX:MaxMetaspaceSize=512m -Xmx2048m -Dfile.encoding=windows-1252 -Duser.country=IN -Duser.language=en -Duser.variant -javaagent:C:\Users\Dell\.gradle\wrapper\dists\gradle-8.13-bin\5xuhj0ry160q40clulazy9h7d\gradle-8.13\lib\agents\gradle-instrumentation-agent-8.13.jar 
java_command: org.gradle.launcher.daemon.bootstrap.GradleDaemon 8.13
java_class_path (initial): C:\Users\Dell\.gradle\wrapper\dists\gradle-8.13-bin\5xuhj0ry160q40clulazy9h7d\gradle-8.13\lib\gradle-daemon-main-8.13.jar
Launcher Type: SUN_STANDARD

[Global flags]
     intx CICompilerCount                          = 4                                         {product} {ergonomic}
   size_t CompressedClassSpaceSize                 = 436207616                                 {product} {ergonomic}
     uint ConcGCThreads                            = 3                                         {product} {ergonomic}
     uint G1ConcRefinementThreads                  = 10                                        {product} {ergonomic}
   size_t G1HeapRegionSize                         = 1048576                                   {product} {ergonomic}
    uintx GCDrainStackTargetSize                   = 64                                        {product} {ergonomic}
   size_t InitialHeapSize                          = 264241152                                 {product} {ergonomic}
   size_t MarkStackSize                            = 4194304                                   {product} {ergonomic}
   size_t MaxHeapSize                              = 2147483648                                {product} {command line}
   size_t MaxMetaspaceSize                         = 536870912                                 {product} {command line}
   size_t MaxNewSize                               = 1287651328                                {product} {ergonomic}
   size_t MinHeapDeltaBytes                        = 1048576                                   {product} {ergonomic}
   size_t MinHeapSize                              = 8388608                                   {product} {ergonomic}
    uintx NonNMethodCodeHeapSize                   = 5839372                                {pd product} {ergonomic}
    uintx NonProfiledCodeHeapSize                  = 122909434                              {pd product} {ergonomic}
    uintx ProfiledCodeHeapSize                     = 122909434                              {pd product} {ergonomic}
    uintx ReservedCodeCacheSize                    = 251658240                              {pd product} {ergonomic}
     bool SegmentedCodeCache                       = true                                      {product} {ergonomic}
   size_t SoftMaxHeapSize                          = 2147483648                             {manageable} {ergonomic}
     bool UseCompressedClassPointers               = true                           {product lp64_product} {ergonomic}
     bool UseCompressedOops                        = true                           {product lp64_product} {ergonomic}
     bool UseG1GC                                  = true                                      {product} {ergonomic}
     bool UseLargePagesIndividualAllocation        = false                                  {pd product} {ergonomic}

Logging:
Log output configuration:
 #0: stdout all=warning uptime,level,tags
 #1: stderr all=off uptime,level,tags

Environment Variables:
JAVA_HOME=C:\Program Files\Microsoft\jdk-17.0.15.6-hotspot\
CLASSPATH=C:\Users\Dell\Desktop\React-Native\AwesomeProject\android\\gradle\wrapper\gradle-wrapper.jar
PATH=C:\Users\Dell\Desktop\React-Native\AwesomeProject\node_modules\.bin;C:\Users\Dell\Desktop\React-Native\AwesomeProject\node_modules\.bin;C:\Users\Dell\Desktop\React-Native\node_modules\.bin;C:\Users\Dell\Desktop\node_modules\.bin;C:\Users\Dell\node_modules\.bin;C:\Users\node_modules\.bin;C:\node_modules\.bin;C:\Users\Dell\AppData\Roaming\npm\node_modules\npm\node_modules\@npmcli\run-script\lib\node-gyp-bin;C:\Program Files\Microsoft\jdk-17.0.15.6-hotspot\bin;C:\Program Files\Common Files\Oracle\Java\javapath;C:\WINDOWS\system32;C:\WINDOWS;C:\WINDOWS\System32\Wbem;C:\WINDOWS\System32\WindowsPowerShell\v1.0\;C:\WINDOWS\System32\OpenSSH\;C:\ProgramData\chocolatey\bin;C:\Program Files\nodejs\;C:\Users\Dell\AppData\Local\Android\Sdk\platform-tools;C:\Users\Dell\AppData\Local\Android\Sdk\tools;C:\Users\Dell\AppData\Local\Android\Sdk\tools\bin;C:\Users\Dell\AppData\Local\Android\Sdk;C:\Users\Dell\AppData\Local\Microsoft\WindowsApps;C:\Users\Dell\AppData\Local\Programs\Microsoft VS Code\bin;C:\Users\Dell\AppData\Roaming\npm;C:\Users\Dell\AppData\Local\Android\Sdk\platform-tools;
USERNAME=Dell
LANG=en_US.UTF-8
OS=Windows_NT
PROCESSOR_IDENTIFIER=Intel64 Family 6 Model 186 Stepping 3, GenuineIntel
TMP=C:\Users\Dell\AppData\Local\Temp
TEMP=C:\Users\Dell\AppData\Local\Temp



Periodic native trim disabled


---------------  S Y S T E M  ---------------

OS:
 Windows 11 , 64 bit Build 26100 (10.0.26100.3912)
OS uptime: 8 days 16:14 hours
Hyper-V role detected

CPU: total 12 (initial active 12) (6 cores per cpu, 2 threads per core) family 6 model 186 stepping 3 microcode 0x4123, cx8, cmov, fxsr, ht, mmx, 3dnowpref, sse, sse2, sse3, ssse3, sse4.1, sse4.2, popcnt, lzcnt, tsc, tscinvbit, avx, avx2, aes, erms, clmul, bmi1, bmi2, adx, sha, fma, vzeroupper, clflush, clflushopt, clwb, hv
Processor Information for the first 12 processors :
  Max Mhz: 1300, Current Mhz: 1300, Mhz Limit: 1300

Memory: 4k page, system-wide physical 16068M (1439M free)
TotalPageFile size 65220M (AvailPageFile size 38M)
current process WorkingSet (physical memory assigned to process): 325M, peak: 354M
current process commit charge ("private bytes"): 370M, peak: 442M

vm_info: OpenJDK 64-Bit Server VM (17.0.15+6-LTS) for windows-amd64 JRE (17.0.15+6-LTS), built on Apr  9 2025 22:27:25 by "MicrosoftCorporation" with unknown MS VC++:1939

END.
